preparing
{'eval_loss': 0.4745315611362457, 'eval_accuracy': 0.7598870056497176, 'eval_precision': 0.6054054054054054, 'eval_recall': 0.9032258064516129, 'eval_f1': 0.7249190938511326, 'eval_mcc': 0.559526280098535, 'eval_runtime': 1.3931, 'eval_samples_per_second': 254.112, 'eval_steps_per_second': 32.302, 'epoch': 1.0}
{'eval_loss': 0.5018563270568848, 'eval_accuracy': 0.7429378531073446, 'eval_precision': 0.583756345177665, 'eval_recall': 0.9274193548387096, 'eval_f1': 0.7165109034267914, 'eval_mcc': 0.5482139096222317, 'eval_runtime': 1.3915, 'eval_samples_per_second': 254.407, 'eval_steps_per_second': 32.34, 'epoch': 2.0}
{'eval_loss': 0.4049277901649475, 'eval_accuracy': 0.827683615819209, 'eval_precision': 0.7299270072992701, 'eval_recall': 0.8064516129032258, 'eval_f1': 0.7662835249042146, 'eval_mcc': 0.6323187428551348, 'eval_runtime': 1.3851, 'eval_samples_per_second': 255.572, 'eval_steps_per_second': 32.488, 'epoch': 3.0}
{'loss': 0.4521, 'learning_rate': 1.3734335839598997e-05, 'epoch': 3.76}
{'eval_loss': 0.468580424785614, 'eval_accuracy': 0.807909604519774, 'eval_precision': 0.8181818181818182, 'eval_recall': 0.5806451612903226, 'eval_f1': 0.679245283018868, 'eval_mcc': 0.5641329211833147, 'eval_runtime': 1.383, 'eval_samples_per_second': 255.957, 'eval_steps_per_second': 32.537, 'epoch': 4.0}
{'eval_loss': 0.5283037424087524, 'eval_accuracy': 0.788135593220339, 'eval_precision': 0.6368715083798883, 'eval_recall': 0.9193548387096774, 'eval_f1': 0.7524752475247525, 'eval_mcc': 0.6075689118899256, 'eval_runtime': 1.3806, 'eval_samples_per_second': 256.411, 'eval_steps_per_second': 32.595, 'epoch': 5.0}
{'eval_loss': 0.6162940263748169, 'eval_accuracy': 0.788135593220339, 'eval_precision': 0.64, 'eval_recall': 0.9032258064516129, 'eval_f1': 0.7491638795986622, 'eval_mcc': 0.6004761470594925, 'eval_runtime': 1.385, 'eval_samples_per_second': 255.594, 'eval_steps_per_second': 32.491, 'epoch': 6.0}
{'eval_loss': 0.661185085773468, 'eval_accuracy': 0.8107344632768362, 'eval_precision': 0.7021276595744681, 'eval_recall': 0.7983870967741935, 'eval_f1': 0.7471698113207547, 'eval_mcc': 0.6000671523843998, 'eval_runtime': 1.379, 'eval_samples_per_second': 256.703, 'eval_steps_per_second': 32.632, 'epoch': 7.0}
{'loss': 0.2216, 'learning_rate': 7.468671679197995e-06, 'epoch': 7.52}
{'eval_loss': 0.7561854124069214, 'eval_accuracy': 0.7994350282485876, 'eval_precision': 0.7022900763358778, 'eval_recall': 0.7419354838709677, 'eval_f1': 0.7215686274509803, 'eval_mcc': 0.565540545177764, 'eval_runtime': 1.3725, 'eval_samples_per_second': 257.921, 'eval_steps_per_second': 32.787, 'epoch': 8.0}
{'eval_loss': 0.836734414100647, 'eval_accuracy': 0.8022598870056498, 'eval_precision': 0.7045454545454546, 'eval_recall': 0.75, 'eval_f1': 0.7265625, 'eval_mcc': 0.5726176594109238, 'eval_runtime': 1.3827, 'eval_samples_per_second': 256.028, 'eval_steps_per_second': 32.546, 'epoch': 9.0}
{'eval_loss': 0.8996352553367615, 'eval_accuracy': 0.7937853107344632, 'eval_precision': 0.6783216783216783, 'eval_recall': 0.782258064516129, 'eval_f1': 0.7265917602996255, 'eval_mcc': 0.5660841911023445, 'eval_runtime': 1.3742, 'eval_samples_per_second': 257.601, 'eval_steps_per_second': 32.746, 'epoch': 10.0}
{'eval_loss': 0.908300518989563, 'eval_accuracy': 0.7966101694915254, 'eval_precision': 0.6857142857142857, 'eval_recall': 0.7741935483870968, 'eval_f1': 0.7272727272727272, 'eval_mcc': 0.568708690899257, 'eval_runtime': 1.3834, 'eval_samples_per_second': 255.895, 'eval_steps_per_second': 32.529, 'epoch': 11.0}
{'loss': 0.0615, 'learning_rate': 1.2030075187969925e-06, 'epoch': 11.28}
{'eval_loss': 0.9047003388404846, 'eval_accuracy': 0.807909604519774, 'eval_precision': 0.7058823529411765, 'eval_recall': 0.7741935483870968, 'eval_f1': 0.7384615384615385, 'eval_mcc': 0.5887505132845761, 'eval_runtime': 1.3843, 'eval_samples_per_second': 255.718, 'eval_steps_per_second': 32.506, 'epoch': 12.0}
{'train_runtime': 260.6001, 'train_samples_per_second': 48.903, 'train_steps_per_second': 6.124, 'train_loss': 0.2322249500673815, 'epoch': 12.0}
done

JOB STATISTICS
==============
Job ID: 4912149
Cluster: snellius
User/Group: deag/deag
State: COMPLETED (exit code 0)
Nodes: 1
Cores per node: 18
CPU Utilized: 00:12:29
CPU Efficiency: 14.81% of 01:24:18 core-walltime
Job Wall-clock time: 00:04:41
Memory Utilized: 1.04 GB
Memory Efficiency: 0.87% of 120.00 GB
