Requirement already satisfied: click in /scistor/informatica/dgi460/anaconda3/envs/dl2022/lib/python3.10/site-packages (8.1.3)
Requirement already satisfied: fair-esm in /scistor/informatica/dgi460/anaconda3/envs/dl2022/lib/python3.10/site-packages (2.0.0)
Processing /scistor/informatica/dgi460/patchprot/PROT
  Preparing metadata (setup.py): started
  Preparing metadata (setup.py): finished with status 'done'
Building wheels for collected packages: PROT
  Building wheel for PROT (setup.py): started
  Building wheel for PROT (setup.py): finished with status 'done'
  Created wheel for PROT: filename=PROT-0.0.1-py3-none-any.whl size=136001 sha256=5254c078394a8c096457cfaa8c706fba2269e6e7c612ce3f610b2d33b503c78e
  Stored in directory: /scratch/697094/pip-ephem-wheel-cache-yjw5f9iq/wheels/45/68/93/b8da68ce5f13f805ffb4ab0887e7e771b77851860ccad4ba18
Successfully built PROT
Installing collected packages: PROT
  Attempting uninstall: PROT
    Found existing installation: PROT 0.0.1
    Uninstalling PROT-0.0.1:
      Successfully uninstalled PROT-0.0.1
Successfully installed PROT-0.0.1
2024-04-08 18:15:25,328 - PROT.PROT.main - INFO - Building: PROT.models.ESM2_original_extended
FINETUNING CHOSEN: no finetuning
Gradient Checkpointing None
2024-04-08 18:15:53,852 - PROT.PROT.models.ESM2_original_extended.model - INFO - <init>: 
ESM2_original_extended(
  (embedding): ESM2Embedding(
    (model): ESM2(
      (embed_tokens): Embedding(33, 1280, padding_idx=1)
      (layers): ModuleList(
        (0): TransformerLayer(
          (self_attn): MultiheadAttention(
            (k_proj): Linear(in_features=1280, out_features=1280, bias=True)
            (v_proj): Linear(in_features=1280, out_features=1280, bias=True)
            (q_proj): Linear(in_features=1280, out_features=1280, bias=True)
            (out_proj): Linear(in_features=1280, out_features=1280, bias=True)
            (rot_emb): RotaryEmbedding()
          )
          (self_attn_layer_norm): LayerNorm((1280,), eps=1e-05, elementwise_affine=True)
          (fc1): Linear(in_features=1280, out_features=5120, bias=True)
          (fc2): Linear(in_features=5120, out_features=1280, bias=True)
          (final_layer_norm): LayerNorm((1280,), eps=1e-05, elementwise_affine=True)
        )
        (1): TransformerLayer(
          (self_attn): MultiheadAttention(
            (k_proj): Linear(in_features=1280, out_features=1280, bias=True)
            (v_proj): Linear(in_features=1280, out_features=1280, bias=True)
            (q_proj): Linear(in_features=1280, out_features=1280, bias=True)
            (out_proj): Linear(in_features=1280, out_features=1280, bias=True)
            (rot_emb): RotaryEmbedding()
          )
          (self_attn_layer_norm): LayerNorm((1280,), eps=1e-05, elementwise_affine=True)
          (fc1): Linear(in_features=1280, out_features=5120, bias=True)
          (fc2): Linear(in_features=5120, out_features=1280, bias=True)
          (final_layer_norm): LayerNorm((1280,), eps=1e-05, elementwise_affine=True)
        )
        (2): TransformerLayer(
          (self_attn): MultiheadAttention(
            (k_proj): Linear(in_features=1280, out_features=1280, bias=True)
            (v_proj): Linear(in_features=1280, out_features=1280, bias=True)
            (q_proj): Linear(in_features=1280, out_features=1280, bias=True)
            (out_proj): Linear(in_features=1280, out_features=1280, bias=True)
            (rot_emb): RotaryEmbedding()
          )
          (self_attn_layer_norm): LayerNorm((1280,), eps=1e-05, elementwise_affine=True)
          (fc1): Linear(in_features=1280, out_features=5120, bias=True)
          (fc2): Linear(in_features=5120, out_features=1280, bias=True)
          (final_layer_norm): LayerNorm((1280,), eps=1e-05, elementwise_affine=True)
        )
        (3): TransformerLayer(
          (self_attn): MultiheadAttention(
            (k_proj): Linear(in_features=1280, out_features=1280, bias=True)
            (v_proj): Linear(in_features=1280, out_features=1280, bias=True)
            (q_proj): Linear(in_features=1280, out_features=1280, bias=True)
            (out_proj): Linear(in_features=1280, out_features=1280, bias=True)
            (rot_emb): RotaryEmbedding()
          )
          (self_attn_layer_norm): LayerNorm((1280,), eps=1e-05, elementwise_affine=True)
          (fc1): Linear(in_features=1280, out_features=5120, bias=True)
          (fc2): Linear(in_features=5120, out_features=1280, bias=True)
          (final_layer_norm): LayerNorm((1280,), eps=1e-05, elementwise_affine=True)
        )
        (4): TransformerLayer(
          (self_attn): MultiheadAttention(
            (k_proj): Linear(in_features=1280, out_features=1280, bias=True)
            (v_proj): Linear(in_features=1280, out_features=1280, bias=True)
            (q_proj): Linear(in_features=1280, out_features=1280, bias=True)
            (out_proj): Linear(in_features=1280, out_features=1280, bias=True)
            (rot_emb): RotaryEmbedding()
          )
          (self_attn_layer_norm): LayerNorm((1280,), eps=1e-05, elementwise_affine=True)
          (fc1): Linear(in_features=1280, out_features=5120, bias=True)
          (fc2): Linear(in_features=5120, out_features=1280, bias=True)
          (final_layer_norm): LayerNorm((1280,), eps=1e-05, elementwise_affine=True)
        )
        (5): TransformerLayer(
          (self_attn): MultiheadAttention(
            (k_proj): Linear(in_features=1280, out_features=1280, bias=True)
            (v_proj): Linear(in_features=1280, out_features=1280, bias=True)
            (q_proj): Linear(in_features=1280, out_features=1280, bias=True)
            (out_proj): Linear(in_features=1280, out_features=1280, bias=True)
            (rot_emb): RotaryEmbedding()
          )
          (self_attn_layer_norm): LayerNorm((1280,), eps=1e-05, elementwise_affine=True)
          (fc1): Linear(in_features=1280, out_features=5120, bias=True)
          (fc2): Linear(in_features=5120, out_features=1280, bias=True)
          (final_layer_norm): LayerNorm((1280,), eps=1e-05, elementwise_affine=True)
        )
        (6): TransformerLayer(
          (self_attn): MultiheadAttention(
            (k_proj): Linear(in_features=1280, out_features=1280, bias=True)
            (v_proj): Linear(in_features=1280, out_features=1280, bias=True)
            (q_proj): Linear(in_features=1280, out_features=1280, bias=True)
            (out_proj): Linear(in_features=1280, out_features=1280, bias=True)
            (rot_emb): RotaryEmbedding()
          )
          (self_attn_layer_norm): LayerNorm((1280,), eps=1e-05, elementwise_affine=True)
          (fc1): Linear(in_features=1280, out_features=5120, bias=True)
          (fc2): Linear(in_features=5120, out_features=1280, bias=True)
          (final_layer_norm): LayerNorm((1280,), eps=1e-05, elementwise_affine=True)
        )
        (7): TransformerLayer(
          (self_attn): MultiheadAttention(
            (k_proj): Linear(in_features=1280, out_features=1280, bias=True)
            (v_proj): Linear(in_features=1280, out_features=1280, bias=True)
            (q_proj): Linear(in_features=1280, out_features=1280, bias=True)
            (out_proj): Linear(in_features=1280, out_features=1280, bias=True)
            (rot_emb): RotaryEmbedding()
          )
          (self_attn_layer_norm): LayerNorm((1280,), eps=1e-05, elementwise_affine=True)
          (fc1): Linear(in_features=1280, out_features=5120, bias=True)
          (fc2): Linear(in_features=5120, out_features=1280, bias=True)
          (final_layer_norm): LayerNorm((1280,), eps=1e-05, elementwise_affine=True)
        )
        (8): TransformerLayer(
          (self_attn): MultiheadAttention(
            (k_proj): Linear(in_features=1280, out_features=1280, bias=True)
            (v_proj): Linear(in_features=1280, out_features=1280, bias=True)
            (q_proj): Linear(in_features=1280, out_features=1280, bias=True)
            (out_proj): Linear(in_features=1280, out_features=1280, bias=True)
            (rot_emb): RotaryEmbedding()
          )
          (self_attn_layer_norm): LayerNorm((1280,), eps=1e-05, elementwise_affine=True)
          (fc1): Linear(in_features=1280, out_features=5120, bias=True)
          (fc2): Linear(in_features=5120, out_features=1280, bias=True)
          (final_layer_norm): LayerNorm((1280,), eps=1e-05, elementwise_affine=True)
        )
        (9): TransformerLayer(
          (self_attn): MultiheadAttention(
            (k_proj): Linear(in_features=1280, out_features=1280, bias=True)
            (v_proj): Linear(in_features=1280, out_features=1280, bias=True)
            (q_proj): Linear(in_features=1280, out_features=1280, bias=True)
            (out_proj): Linear(in_features=1280, out_features=1280, bias=True)
            (rot_emb): RotaryEmbedding()
          )
          (self_attn_layer_norm): LayerNorm((1280,), eps=1e-05, elementwise_affine=True)
          (fc1): Linear(in_features=1280, out_features=5120, bias=True)
          (fc2): Linear(in_features=5120, out_features=1280, bias=True)
          (final_layer_norm): LayerNorm((1280,), eps=1e-05, elementwise_affine=True)
        )
        (10): TransformerLayer(
          (self_attn): MultiheadAttention(
            (k_proj): Linear(in_features=1280, out_features=1280, bias=True)
            (v_proj): Linear(in_features=1280, out_features=1280, bias=True)
            (q_proj): Linear(in_features=1280, out_features=1280, bias=True)
            (out_proj): Linear(in_features=1280, out_features=1280, bias=True)
            (rot_emb): RotaryEmbedding()
          )
          (self_attn_layer_norm): LayerNorm((1280,), eps=1e-05, elementwise_affine=True)
          (fc1): Linear(in_features=1280, out_features=5120, bias=True)
          (fc2): Linear(in_features=5120, out_features=1280, bias=True)
          (final_layer_norm): LayerNorm((1280,), eps=1e-05, elementwise_affine=True)
        )
        (11): TransformerLayer(
          (self_attn): MultiheadAttention(
            (k_proj): Linear(in_features=1280, out_features=1280, bias=True)
            (v_proj): Linear(in_features=1280, out_features=1280, bias=True)
            (q_proj): Linear(in_features=1280, out_features=1280, bias=True)
            (out_proj): Linear(in_features=1280, out_features=1280, bias=True)
            (rot_emb): RotaryEmbedding()
          )
          (self_attn_layer_norm): LayerNorm((1280,), eps=1e-05, elementwise_affine=True)
          (fc1): Linear(in_features=1280, out_features=5120, bias=True)
          (fc2): Linear(in_features=5120, out_features=1280, bias=True)
          (final_layer_norm): LayerNorm((1280,), eps=1e-05, elementwise_affine=True)
        )
        (12): TransformerLayer(
          (self_attn): MultiheadAttention(
            (k_proj): Linear(in_features=1280, out_features=1280, bias=True)
            (v_proj): Linear(in_features=1280, out_features=1280, bias=True)
            (q_proj): Linear(in_features=1280, out_features=1280, bias=True)
            (out_proj): Linear(in_features=1280, out_features=1280, bias=True)
            (rot_emb): RotaryEmbedding()
          )
          (self_attn_layer_norm): LayerNorm((1280,), eps=1e-05, elementwise_affine=True)
          (fc1): Linear(in_features=1280, out_features=5120, bias=True)
          (fc2): Linear(in_features=5120, out_features=1280, bias=True)
          (final_layer_norm): LayerNorm((1280,), eps=1e-05, elementwise_affine=True)
        )
        (13): TransformerLayer(
          (self_attn): MultiheadAttention(
            (k_proj): Linear(in_features=1280, out_features=1280, bias=True)
            (v_proj): Linear(in_features=1280, out_features=1280, bias=True)
            (q_proj): Linear(in_features=1280, out_features=1280, bias=True)
            (out_proj): Linear(in_features=1280, out_features=1280, bias=True)
            (rot_emb): RotaryEmbedding()
          )
          (self_attn_layer_norm): LayerNorm((1280,), eps=1e-05, elementwise_affine=True)
          (fc1): Linear(in_features=1280, out_features=5120, bias=True)
          (fc2): Linear(in_features=5120, out_features=1280, bias=True)
          (final_layer_norm): LayerNorm((1280,), eps=1e-05, elementwise_affine=True)
        )
        (14): TransformerLayer(
          (self_attn): MultiheadAttention(
            (k_proj): Linear(in_features=1280, out_features=1280, bias=True)
            (v_proj): Linear(in_features=1280, out_features=1280, bias=True)
            (q_proj): Linear(in_features=1280, out_features=1280, bias=True)
            (out_proj): Linear(in_features=1280, out_features=1280, bias=True)
            (rot_emb): RotaryEmbedding()
          )
          (self_attn_layer_norm): LayerNorm((1280,), eps=1e-05, elementwise_affine=True)
          (fc1): Linear(in_features=1280, out_features=5120, bias=True)
          (fc2): Linear(in_features=5120, out_features=1280, bias=True)
          (final_layer_norm): LayerNorm((1280,), eps=1e-05, elementwise_affine=True)
        )
        (15): TransformerLayer(
          (self_attn): MultiheadAttention(
            (k_proj): Linear(in_features=1280, out_features=1280, bias=True)
            (v_proj): Linear(in_features=1280, out_features=1280, bias=True)
            (q_proj): Linear(in_features=1280, out_features=1280, bias=True)
            (out_proj): Linear(in_features=1280, out_features=1280, bias=True)
            (rot_emb): RotaryEmbedding()
          )
          (self_attn_layer_norm): LayerNorm((1280,), eps=1e-05, elementwise_affine=True)
          (fc1): Linear(in_features=1280, out_features=5120, bias=True)
          (fc2): Linear(in_features=5120, out_features=1280, bias=True)
          (final_layer_norm): LayerNorm((1280,), eps=1e-05, elementwise_affine=True)
        )
        (16): TransformerLayer(
          (self_attn): MultiheadAttention(
            (k_proj): Linear(in_features=1280, out_features=1280, bias=True)
            (v_proj): Linear(in_features=1280, out_features=1280, bias=True)
            (q_proj): Linear(in_features=1280, out_features=1280, bias=True)
            (out_proj): Linear(in_features=1280, out_features=1280, bias=True)
            (rot_emb): RotaryEmbedding()
          )
          (self_attn_layer_norm): LayerNorm((1280,), eps=1e-05, elementwise_affine=True)
          (fc1): Linear(in_features=1280, out_features=5120, bias=True)
          (fc2): Linear(in_features=5120, out_features=1280, bias=True)
          (final_layer_norm): LayerNorm((1280,), eps=1e-05, elementwise_affine=True)
        )
        (17): TransformerLayer(
          (self_attn): MultiheadAttention(
            (k_proj): Linear(in_features=1280, out_features=1280, bias=True)
            (v_proj): Linear(in_features=1280, out_features=1280, bias=True)
            (q_proj): Linear(in_features=1280, out_features=1280, bias=True)
            (out_proj): Linear(in_features=1280, out_features=1280, bias=True)
            (rot_emb): RotaryEmbedding()
          )
          (self_attn_layer_norm): LayerNorm((1280,), eps=1e-05, elementwise_affine=True)
          (fc1): Linear(in_features=1280, out_features=5120, bias=True)
          (fc2): Linear(in_features=5120, out_features=1280, bias=True)
          (final_layer_norm): LayerNorm((1280,), eps=1e-05, elementwise_affine=True)
        )
        (18): TransformerLayer(
          (self_attn): MultiheadAttention(
            (k_proj): Linear(in_features=1280, out_features=1280, bias=True)
            (v_proj): Linear(in_features=1280, out_features=1280, bias=True)
            (q_proj): Linear(in_features=1280, out_features=1280, bias=True)
            (out_proj): Linear(in_features=1280, out_features=1280, bias=True)
            (rot_emb): RotaryEmbedding()
          )
          (self_attn_layer_norm): LayerNorm((1280,), eps=1e-05, elementwise_affine=True)
          (fc1): Linear(in_features=1280, out_features=5120, bias=True)
          (fc2): Linear(in_features=5120, out_features=1280, bias=True)
          (final_layer_norm): LayerNorm((1280,), eps=1e-05, elementwise_affine=True)
        )
        (19): TransformerLayer(
          (self_attn): MultiheadAttention(
            (k_proj): Linear(in_features=1280, out_features=1280, bias=True)
            (v_proj): Linear(in_features=1280, out_features=1280, bias=True)
            (q_proj): Linear(in_features=1280, out_features=1280, bias=True)
            (out_proj): Linear(in_features=1280, out_features=1280, bias=True)
            (rot_emb): RotaryEmbedding()
          )
          (self_attn_layer_norm): LayerNorm((1280,), eps=1e-05, elementwise_affine=True)
          (fc1): Linear(in_features=1280, out_features=5120, bias=True)
          (fc2): Linear(in_features=5120, out_features=1280, bias=True)
          (final_layer_norm): LayerNorm((1280,), eps=1e-05, elementwise_affine=True)
        )
        (20): TransformerLayer(
          (self_attn): MultiheadAttention(
            (k_proj): Linear(in_features=1280, out_features=1280, bias=True)
            (v_proj): Linear(in_features=1280, out_features=1280, bias=True)
            (q_proj): Linear(in_features=1280, out_features=1280, bias=True)
            (out_proj): Linear(in_features=1280, out_features=1280, bias=True)
            (rot_emb): RotaryEmbedding()
          )
          (self_attn_layer_norm): LayerNorm((1280,), eps=1e-05, elementwise_affine=True)
          (fc1): Linear(in_features=1280, out_features=5120, bias=True)
          (fc2): Linear(in_features=5120, out_features=1280, bias=True)
          (final_layer_norm): LayerNorm((1280,), eps=1e-05, elementwise_affine=True)
        )
        (21): TransformerLayer(
          (self_attn): MultiheadAttention(
            (k_proj): Linear(in_features=1280, out_features=1280, bias=True)
            (v_proj): Linear(in_features=1280, out_features=1280, bias=True)
            (q_proj): Linear(in_features=1280, out_features=1280, bias=True)
            (out_proj): Linear(in_features=1280, out_features=1280, bias=True)
            (rot_emb): RotaryEmbedding()
          )
          (self_attn_layer_norm): LayerNorm((1280,), eps=1e-05, elementwise_affine=True)
          (fc1): Linear(in_features=1280, out_features=5120, bias=True)
          (fc2): Linear(in_features=5120, out_features=1280, bias=True)
          (final_layer_norm): LayerNorm((1280,), eps=1e-05, elementwise_affine=True)
        )
        (22): TransformerLayer(
          (self_attn): MultiheadAttention(
            (k_proj): Linear(in_features=1280, out_features=1280, bias=True)
            (v_proj): Linear(in_features=1280, out_features=1280, bias=True)
            (q_proj): Linear(in_features=1280, out_features=1280, bias=True)
            (out_proj): Linear(in_features=1280, out_features=1280, bias=True)
            (rot_emb): RotaryEmbedding()
          )
          (self_attn_layer_norm): LayerNorm((1280,), eps=1e-05, elementwise_affine=True)
          (fc1): Linear(in_features=1280, out_features=5120, bias=True)
          (fc2): Linear(in_features=5120, out_features=1280, bias=True)
          (final_layer_norm): LayerNorm((1280,), eps=1e-05, elementwise_affine=True)
        )
        (23): TransformerLayer(
          (self_attn): MultiheadAttention(
            (k_proj): Linear(in_features=1280, out_features=1280, bias=True)
            (v_proj): Linear(in_features=1280, out_features=1280, bias=True)
            (q_proj): Linear(in_features=1280, out_features=1280, bias=True)
            (out_proj): Linear(in_features=1280, out_features=1280, bias=True)
            (rot_emb): RotaryEmbedding()
          )
          (self_attn_layer_norm): LayerNorm((1280,), eps=1e-05, elementwise_affine=True)
          (fc1): Linear(in_features=1280, out_features=5120, bias=True)
          (fc2): Linear(in_features=5120, out_features=1280, bias=True)
          (final_layer_norm): LayerNorm((1280,), eps=1e-05, elementwise_affine=True)
        )
        (24): TransformerLayer(
          (self_attn): MultiheadAttention(
            (k_proj): Linear(in_features=1280, out_features=1280, bias=True)
            (v_proj): Linear(in_features=1280, out_features=1280, bias=True)
            (q_proj): Linear(in_features=1280, out_features=1280, bias=True)
            (out_proj): Linear(in_features=1280, out_features=1280, bias=True)
            (rot_emb): RotaryEmbedding()
          )
          (self_attn_layer_norm): LayerNorm((1280,), eps=1e-05, elementwise_affine=True)
          (fc1): Linear(in_features=1280, out_features=5120, bias=True)
          (fc2): Linear(in_features=5120, out_features=1280, bias=True)
          (final_layer_norm): LayerNorm((1280,), eps=1e-05, elementwise_affine=True)
        )
        (25): TransformerLayer(
          (self_attn): MultiheadAttention(
            (k_proj): Linear(in_features=1280, out_features=1280, bias=True)
            (v_proj): Linear(in_features=1280, out_features=1280, bias=True)
            (q_proj): Linear(in_features=1280, out_features=1280, bias=True)
            (out_proj): Linear(in_features=1280, out_features=1280, bias=True)
            (rot_emb): RotaryEmbedding()
          )
          (self_attn_layer_norm): LayerNorm((1280,), eps=1e-05, elementwise_affine=True)
          (fc1): Linear(in_features=1280, out_features=5120, bias=True)
          (fc2): Linear(in_features=5120, out_features=1280, bias=True)
          (final_layer_norm): LayerNorm((1280,), eps=1e-05, elementwise_affine=True)
        )
        (26): TransformerLayer(
          (self_attn): MultiheadAttention(
            (k_proj): Linear(in_features=1280, out_features=1280, bias=True)
            (v_proj): Linear(in_features=1280, out_features=1280, bias=True)
            (q_proj): Linear(in_features=1280, out_features=1280, bias=True)
            (out_proj): Linear(in_features=1280, out_features=1280, bias=True)
            (rot_emb): RotaryEmbedding()
          )
          (self_attn_layer_norm): LayerNorm((1280,), eps=1e-05, elementwise_affine=True)
          (fc1): Linear(in_features=1280, out_features=5120, bias=True)
          (fc2): Linear(in_features=5120, out_features=1280, bias=True)
          (final_layer_norm): LayerNorm((1280,), eps=1e-05, elementwise_affine=True)
        )
        (27): TransformerLayer(
          (self_attn): MultiheadAttention(
            (k_proj): Linear(in_features=1280, out_features=1280, bias=True)
            (v_proj): Linear(in_features=1280, out_features=1280, bias=True)
            (q_proj): Linear(in_features=1280, out_features=1280, bias=True)
            (out_proj): Linear(in_features=1280, out_features=1280, bias=True)
            (rot_emb): RotaryEmbedding()
          )
          (self_attn_layer_norm): LayerNorm((1280,), eps=1e-05, elementwise_affine=True)
          (fc1): Linear(in_features=1280, out_features=5120, bias=True)
          (fc2): Linear(in_features=5120, out_features=1280, bias=True)
          (final_layer_norm): LayerNorm((1280,), eps=1e-05, elementwise_affine=True)
        )
        (28): TransformerLayer(
          (self_attn): MultiheadAttention(
            (k_proj): Linear(in_features=1280, out_features=1280, bias=True)
            (v_proj): Linear(in_features=1280, out_features=1280, bias=True)
            (q_proj): Linear(in_features=1280, out_features=1280, bias=True)
            (out_proj): Linear(in_features=1280, out_features=1280, bias=True)
            (rot_emb): RotaryEmbedding()
          )
          (self_attn_layer_norm): LayerNorm((1280,), eps=1e-05, elementwise_affine=True)
          (fc1): Linear(in_features=1280, out_features=5120, bias=True)
          (fc2): Linear(in_features=5120, out_features=1280, bias=True)
          (final_layer_norm): LayerNorm((1280,), eps=1e-05, elementwise_affine=True)
        )
        (29): TransformerLayer(
          (self_attn): MultiheadAttention(
            (k_proj): Linear(in_features=1280, out_features=1280, bias=True)
            (v_proj): Linear(in_features=1280, out_features=1280, bias=True)
            (q_proj): Linear(in_features=1280, out_features=1280, bias=True)
            (out_proj): Linear(in_features=1280, out_features=1280, bias=True)
            (rot_emb): RotaryEmbedding()
          )
          (self_attn_layer_norm): LayerNorm((1280,), eps=1e-05, elementwise_affine=True)
          (fc1): Linear(in_features=1280, out_features=5120, bias=True)
          (fc2): Linear(in_features=5120, out_features=1280, bias=True)
          (final_layer_norm): LayerNorm((1280,), eps=1e-05, elementwise_affine=True)
        )
        (30): TransformerLayer(
          (self_attn): MultiheadAttention(
            (k_proj): Linear(in_features=1280, out_features=1280, bias=True)
            (v_proj): Linear(in_features=1280, out_features=1280, bias=True)
            (q_proj): Linear(in_features=1280, out_features=1280, bias=True)
            (out_proj): Linear(in_features=1280, out_features=1280, bias=True)
            (rot_emb): RotaryEmbedding()
          )
          (self_attn_layer_norm): LayerNorm((1280,), eps=1e-05, elementwise_affine=True)
          (fc1): Linear(in_features=1280, out_features=5120, bias=True)
          (fc2): Linear(in_features=5120, out_features=1280, bias=True)
          (final_layer_norm): LayerNorm((1280,), eps=1e-05, elementwise_affine=True)
        )
        (31): TransformerLayer(
          (self_attn): MultiheadAttention(
            (k_proj): Linear(in_features=1280, out_features=1280, bias=True)
            (v_proj): Linear(in_features=1280, out_features=1280, bias=True)
            (q_proj): Linear(in_features=1280, out_features=1280, bias=True)
            (out_proj): Linear(in_features=1280, out_features=1280, bias=True)
            (rot_emb): RotaryEmbedding()
          )
          (self_attn_layer_norm): LayerNorm((1280,), eps=1e-05, elementwise_affine=True)
          (fc1): Linear(in_features=1280, out_features=5120, bias=True)
          (fc2): Linear(in_features=5120, out_features=1280, bias=True)
          (final_layer_norm): LayerNorm((1280,), eps=1e-05, elementwise_affine=True)
        )
        (32): TransformerLayer(
          (self_attn): MultiheadAttention(
            (k_proj): Linear(in_features=1280, out_features=1280, bias=True)
            (v_proj): Linear(in_features=1280, out_features=1280, bias=True)
            (q_proj): Linear(in_features=1280, out_features=1280, bias=True)
            (out_proj): Linear(in_features=1280, out_features=1280, bias=True)
            (rot_emb): RotaryEmbedding()
          )
          (self_attn_layer_norm): LayerNorm((1280,), eps=1e-05, elementwise_affine=True)
          (fc1): Linear(in_features=1280, out_features=5120, bias=True)
          (fc2): Linear(in_features=5120, out_features=1280, bias=True)
          (final_layer_norm): LayerNorm((1280,), eps=1e-05, elementwise_affine=True)
        )
      )
      (contact_head): ContactPredictionHead(
        (regression): Linear(in_features=660, out_features=1, bias=True)
        (activation): Sigmoid()
      )
      (emb_layer_norm_after): LayerNorm((1280,), eps=1e-05, elementwise_affine=True)
      (lm_head): RobertaLMHead(
        (dense): Linear(in_features=1280, out_features=1280, bias=True)
        (layer_norm): LayerNorm((1280,), eps=1e-05, elementwise_affine=True)
      )
    )
  )
  (conv): ModuleList(
    (0): Sequential(
      (0): Dropout(p=0.5, inplace=False)
      (1): Conv1d(1280, 32, kernel_size=(129,), stride=(1,), padding=(64,))
      (2): ReLU()
    )
    (1): Sequential(
      (0): Dropout(p=0.5, inplace=False)
      (1): Conv1d(1280, 32, kernel_size=(257,), stride=(1,), padding=(128,))
      (2): ReLU()
    )
  )
  (batch_norm): BatchNorm1d(1344, eps=1e-05, momentum=0.1, affine=True, track_running_stats=True)
  (lstm): LSTM(1344, 1024, num_layers=2, batch_first=True, dropout=0.5, bidirectional=True)
  (lstm_dropout_layer): Dropout(p=0.5, inplace=False)
  (ss8): Sequential(
    (0): Linear(in_features=2048, out_features=8, bias=True)
  )
  (ss3): Sequential(
    (0): Linear(in_features=2048, out_features=3, bias=True)
  )
  (disorder): Sequential(
    (0): Linear(in_features=2048, out_features=2, bias=True)
  )
  (rsa): Sequential(
    (0): Linear(in_features=2048, out_features=1, bias=True)
    (1): Sigmoid()
  )
  (phi): Sequential(
    (0): Linear(in_features=2048, out_features=2, bias=True)
    (1): Tanh()
  )
  (psi): Sequential(
    (0): Linear(in_features=2048, out_features=2, bias=True)
    (1): Tanh()
  )
  (tasa): Sequential(
    (0): Linear(in_features=2048, out_features=1, bias=True)
  )
  (thsa): Sequential(
    (0): Linear(in_features=2048, out_features=1, bias=True)
  )
  (lhp): Sequential(
    (0): Linear(in_features=2048, out_features=1, bias=True)
  )
  (hp_loc): Sequential(
    (0): Linear(in_features=2048, out_features=2, bias=True)
  )
  (lhp_loc): Sequential(
    (0): Linear(in_features=2048, out_features=2, bias=True)
  )
  (species): Sequential(
    (0): Linear(in_features=2048, out_features=10, bias=True)
  )
  (expression): Sequential(
    (0): Linear(in_features=2048, out_features=2, bias=True)
  )
  (aggregation): Sequential(
    (0): Linear(in_features=2048, out_features=2, bias=True)
  )
)
Trainable parameters: 60490471
2024-04-08 18:15:53,864 - PROT.PROT.main - INFO - Using devices [0] of available devices [0]
Using devices [0] of available devices [0]
2024-04-08 18:15:55,128 - PROT.PROT.main - INFO - Building: torch.optim.Adam
2024-04-08 18:15:55,131 - PROT.PROT.main - INFO - Building: PROT.data_loader.augmentation.sparse_token
FINETUNING CHOSEN: no finetuning
Gradient Checkpointing None
2024-04-08 18:16:01,947 - PROT.PROT.main - INFO - Building: PROT.data_loader.data_loaders.NSPDataLoader
2024-04-08 18:20:23,859 - PROT.PROT.main - INFO - Getting loss and metric function handles
2024-04-08 18:20:23,861 - PROT.PROT.main - INFO - Initialising trainer
GRADIENT ACCUMULATION None
2024-04-08 18:20:23,898 - PROT.PROT.base.base_trainer - INFO - Starting training...
Multi Task Loss
SS8 : 1 // SS3: 5 // DIS: 5 // RSA: 100 // PHI: 5 // PSI: 5 // TASA: 1e-07 // THSA: 2e-06 // LHP: 5e-06 // HP LOC: 5 // LHP LOC: 5 // SPECIES: 0.04 // EXPRESSION: 0.06
2024-04-08 18:20:36,471 - PROT.PROT.trainer.trainer - INFO - Train Epoch: 0 [0/10314 (0%)] Loss: 52.048958
2024-04-08 18:49:19,771 - PROT.PROT.base.base_trainer - INFO - epoch          : 0
2024-04-08 18:49:19,773 - PROT.PROT.base.base_trainer - INFO - loss           : 31.24827452610933
2024-04-08 18:49:19,774 - PROT.PROT.base.base_trainer - INFO - metric_ss8     : 0.10680054128170013
2024-04-08 18:49:19,775 - PROT.PROT.base.base_trainer - INFO - metric_ss3     : 0.37517115473747253
2024-04-08 18:49:19,776 - PROT.PROT.base.base_trainer - INFO - metric_dis_mcc : 0.003773790318518877
2024-04-08 18:49:19,777 - PROT.PROT.base.base_trainer - INFO - metric_dis_fnr : 0.49592325091362
2024-04-08 18:49:19,778 - PROT.PROT.base.base_trainer - INFO - metric_rsa     : -0.04103122651576996
2024-04-08 18:49:19,780 - PROT.PROT.base.base_trainer - INFO - metric_asa     : 0.2033112496137619
2024-04-08 18:49:19,782 - PROT.PROT.base.base_trainer - INFO - metric_phi     : 105.18812561035156
2024-04-08 18:49:19,785 - PROT.PROT.base.base_trainer - INFO - metric_psi     : 91.1805648803711
2024-04-08 18:49:19,786 - PROT.PROT.base.base_trainer - INFO - metric_tasa    : 11783.494140625
2024-04-08 18:49:19,787 - PROT.PROT.base.base_trainer - INFO - metric_thsa    : 2892.84521484375
2024-04-08 18:49:19,789 - PROT.PROT.base.base_trainer - INFO - metric_lhp     : 1080.970458984375
2024-04-08 18:49:19,790 - PROT.PROT.base.base_trainer - INFO - metric_hp_loc_mcc: -0.011617820709943771
2024-04-08 18:49:19,792 - PROT.PROT.base.base_trainer - INFO - metric_hp_loc_fnr: 0.5568181872367859
2024-04-08 18:49:19,793 - PROT.PROT.base.base_trainer - INFO - metric_lhp_loc_mcc: 0.06687535345554352
2024-04-08 18:49:19,794 - PROT.PROT.base.base_trainer - INFO - metric_lhp_loc_fnr: 0.42751842737197876
2024-04-08 18:49:19,795 - PROT.PROT.base.base_trainer - INFO - metric_species : 0.0
2024-04-08 18:49:19,796 - PROT.PROT.base.base_trainer - INFO - metric_expression: 0
2024-04-08 18:49:19,798 - PROT.PROT.base.base_trainer - INFO - val_loss       : 24.03951546362845
2024-04-08 18:49:19,799 - PROT.PROT.base.base_trainer - INFO - val_metric_ss8 : 0.6262295281315202
2024-04-08 18:49:19,800 - PROT.PROT.base.base_trainer - INFO - val_metric_ss3 : 0.7790275057743397
2024-04-08 18:49:19,803 - PROT.PROT.base.base_trainer - INFO - val_metric_dis_mcc: 0.46935060631305087
2024-04-08 18:49:19,806 - PROT.PROT.base.base_trainer - INFO - val_metric_dis_fnr: 0.0014442294611375628
2024-04-08 18:49:19,807 - PROT.PROT.base.base_trainer - INFO - val_metric_rsa : 0.6968174392006934
2024-04-08 18:49:19,811 - PROT.PROT.base.base_trainer - INFO - val_metric_asa : 0.7185883614409894
2024-04-08 18:49:19,813 - PROT.PROT.base.base_trainer - INFO - val_metric_phi : 25.03787061121191
2024-04-08 18:49:19,815 - PROT.PROT.base.base_trainer - INFO - val_metric_psi : 38.70643746632931
2024-04-08 18:49:19,816 - PROT.PROT.base.base_trainer - INFO - val_metric_tasa: 6838.25537109375
2024-04-08 18:49:19,818 - PROT.PROT.base.base_trainer - INFO - val_metric_thsa: 808.9399977117447
2024-04-08 18:49:19,819 - PROT.PROT.base.base_trainer - INFO - val_metric_lhp : 702.1196341989665
2024-04-08 18:49:19,820 - PROT.PROT.base.base_trainer - INFO - val_metric_hp_loc_mcc: 0.17418538262153463
2024-04-08 18:49:19,822 - PROT.PROT.base.base_trainer - INFO - val_metric_hp_loc_fnr: 0.8081555210356343
2024-04-08 18:49:19,826 - PROT.PROT.base.base_trainer - INFO - val_metric_lhp_loc_mcc: 0
2024-04-08 18:49:19,831 - PROT.PROT.base.base_trainer - INFO - val_metric_lhp_loc_fnr: 1.0
2024-04-08 18:49:19,836 - PROT.PROT.base.base_trainer - INFO - val_metric_species: 0.5230555638670922
2024-04-08 18:49:19,841 - PROT.PROT.base.base_trainer - INFO - val_metric_expression: 0.5175438601719705
2024-04-08 18:49:47,437 - PROT.PROT.base.base_trainer - INFO - Saving checkpoint: saved/patchprot_wo_lora/0408-182023/checkpoints/checkpoint-epoch0.pth ...
2024-04-08 18:50:25,103 - PROT.PROT.base.base_trainer - INFO - Saving current best: saved/patchprot_wo_lora/0408-182023/checkpoints/model_best.pth
2024-04-08 18:50:31,397 - PROT.PROT.trainer.trainer - INFO - Train Epoch: 1 [0/10314 (0%)] Loss: 24.889774
2024-04-08 19:19:18,198 - PROT.PROT.base.base_trainer - INFO - epoch          : 1
2024-04-08 19:19:18,199 - PROT.PROT.base.base_trainer - INFO - loss           : 20.913849874489426
2024-04-08 19:19:18,208 - PROT.PROT.base.base_trainer - INFO - metric_ss8     : 0.6396728754043579
2024-04-08 19:19:18,213 - PROT.PROT.base.base_trainer - INFO - metric_ss3     : 0.7889673113822937
2024-04-08 19:19:18,220 - PROT.PROT.base.base_trainer - INFO - metric_dis_mcc : 0.4514895975589752
2024-04-08 19:19:18,235 - PROT.PROT.base.base_trainer - INFO - metric_dis_fnr : 0.0014067171141505241
2024-04-08 19:19:18,244 - PROT.PROT.base.base_trainer - INFO - metric_rsa     : 0.6471120715141296
2024-04-08 19:19:18,251 - PROT.PROT.base.base_trainer - INFO - metric_asa     : 0.6765361428260803
2024-04-08 19:19:18,256 - PROT.PROT.base.base_trainer - INFO - metric_phi     : 24.62481689453125
2024-04-08 19:19:18,266 - PROT.PROT.base.base_trainer - INFO - metric_psi     : 40.2876091003418
2024-04-08 19:19:18,272 - PROT.PROT.base.base_trainer - INFO - metric_tasa    : 8968.8046875
2024-04-08 19:19:18,280 - PROT.PROT.base.base_trainer - INFO - metric_thsa    : 809.6226806640625
2024-04-08 19:19:18,288 - PROT.PROT.base.base_trainer - INFO - metric_lhp     : 971.7210693359375
2024-04-08 19:19:18,294 - PROT.PROT.base.base_trainer - INFO - metric_hp_loc_mcc: 0.2106732428073883
2024-04-08 19:19:18,300 - PROT.PROT.base.base_trainer - INFO - metric_hp_loc_fnr: 0.7576431632041931
2024-04-08 19:19:18,307 - PROT.PROT.base.base_trainer - INFO - metric_lhp_loc_mcc: 0
2024-04-08 19:19:18,310 - PROT.PROT.base.base_trainer - INFO - metric_lhp_loc_fnr: 1.0
2024-04-08 19:19:18,315 - PROT.PROT.base.base_trainer - INFO - metric_species : 0.5
2024-04-08 19:19:18,321 - PROT.PROT.base.base_trainer - INFO - metric_expression: 0
2024-04-08 19:19:18,326 - PROT.PROT.base.base_trainer - INFO - val_loss       : 18.563558314559206
2024-04-08 19:19:18,328 - PROT.PROT.base.base_trainer - INFO - val_metric_ss8 : 0.6786527244367283
2024-04-08 19:19:18,330 - PROT.PROT.base.base_trainer - INFO - val_metric_ss3 : 0.8225947750450501
2024-04-08 19:19:18,331 - PROT.PROT.base.base_trainer - INFO - val_metric_dis_mcc: 0.6106493701794051
2024-04-08 19:19:18,332 - PROT.PROT.base.base_trainer - INFO - val_metric_dis_fnr: 0.009389158184519828
2024-04-08 19:19:18,333 - PROT.PROT.base.base_trainer - INFO - val_metric_rsa : 0.7560440031364835
2024-04-08 19:19:18,335 - PROT.PROT.base.base_trainer - INFO - val_metric_asa : 0.7750999188511134
2024-04-08 19:19:18,336 - PROT.PROT.base.base_trainer - INFO - val_metric_phi : 23.082467124910814
2024-04-08 19:19:18,338 - PROT.PROT.base.base_trainer - INFO - val_metric_psi : 33.68590845481056
2024-04-08 19:19:18,339 - PROT.PROT.base.base_trainer - INFO - val_metric_tasa: 3590.4275136574606
2024-04-08 19:19:18,340 - PROT.PROT.base.base_trainer - INFO - val_metric_thsa: 579.7129139354748
2024-04-08 19:19:18,342 - PROT.PROT.base.base_trainer - INFO - val_metric_lhp : 538.4324355459742
2024-04-08 19:19:18,343 - PROT.PROT.base.base_trainer - INFO - val_metric_hp_loc_mcc: 0.6502048195068246
2024-04-08 19:19:18,345 - PROT.PROT.base.base_trainer - INFO - val_metric_hp_loc_fnr: 0.2504617585577208
2024-04-08 19:19:18,347 - PROT.PROT.base.base_trainer - INFO - val_metric_lhp_loc_mcc: 0.21622241372276937
2024-04-08 19:19:18,352 - PROT.PROT.base.base_trainer - INFO - val_metric_lhp_loc_fnr: 0.8901376629667529
2024-04-08 19:19:18,360 - PROT.PROT.base.base_trainer - INFO - val_metric_species: 0.5520767296353976
2024-04-08 19:19:18,367 - PROT.PROT.base.base_trainer - INFO - val_metric_expression: 0.4824561413965727
2024-04-08 19:19:43,771 - PROT.PROT.base.base_trainer - INFO - Saving checkpoint: saved/patchprot_wo_lora/0408-182023/checkpoints/checkpoint-epoch1.pth ...
2024-04-08 19:20:18,045 - PROT.PROT.base.base_trainer - INFO - Saving current best: saved/patchprot_wo_lora/0408-182023/checkpoints/model_best.pth
2024-04-08 19:20:21,626 - PROT.PROT.trainer.trainer - INFO - Train Epoch: 2 [0/10314 (0%)] Loss: 16.381992
2024-04-08 19:49:11,278 - PROT.PROT.base.base_trainer - INFO - epoch          : 2
2024-04-08 19:49:11,279 - PROT.PROT.base.base_trainer - INFO - loss           : 18.002903608680814
2024-04-08 19:49:11,280 - PROT.PROT.base.base_trainer - INFO - metric_ss8     : 0.6958075165748596
2024-04-08 19:49:11,281 - PROT.PROT.base.base_trainer - INFO - metric_ss3     : 0.8230109214782715
2024-04-08 19:49:11,283 - PROT.PROT.base.base_trainer - INFO - metric_dis_mcc : 0.6560933589935303
2024-04-08 19:49:11,284 - PROT.PROT.base.base_trainer - INFO - metric_dis_fnr : 0.00840764306485653
2024-04-08 19:49:11,285 - PROT.PROT.base.base_trainer - INFO - metric_rsa     : 0.7528938055038452
2024-04-08 19:49:11,286 - PROT.PROT.base.base_trainer - INFO - metric_asa     : 0.7616040706634521
2024-04-08 19:49:11,288 - PROT.PROT.base.base_trainer - INFO - metric_phi     : 23.17685890197754
2024-04-08 19:49:11,289 - PROT.PROT.base.base_trainer - INFO - metric_psi     : 34.10251235961914
2024-04-08 19:49:11,290 - PROT.PROT.base.base_trainer - INFO - metric_tasa    : 3486.298583984375
2024-04-08 19:49:11,291 - PROT.PROT.base.base_trainer - INFO - metric_thsa    : 459.00537109375
2024-04-08 19:49:11,292 - PROT.PROT.base.base_trainer - INFO - metric_lhp     : 460.97918701171875
2024-04-08 19:49:11,293 - PROT.PROT.base.base_trainer - INFO - metric_hp_loc_mcc: 0.6218389272689819
2024-04-08 19:49:11,294 - PROT.PROT.base.base_trainer - INFO - metric_hp_loc_fnr: 0.2881355881690979
2024-04-08 19:49:11,296 - PROT.PROT.base.base_trainer - INFO - metric_lhp_loc_mcc: 0.21309635043144226
2024-04-08 19:49:11,297 - PROT.PROT.base.base_trainer - INFO - metric_lhp_loc_fnr: 0.8812500238418579
2024-04-08 19:49:11,298 - PROT.PROT.base.base_trainer - INFO - metric_species : 0.0
2024-04-08 19:49:11,299 - PROT.PROT.base.base_trainer - INFO - metric_expression: 0
2024-04-08 19:49:11,300 - PROT.PROT.base.base_trainer - INFO - val_loss       : 16.694145994432738
2024-04-08 19:49:11,302 - PROT.PROT.base.base_trainer - INFO - val_metric_ss8 : 0.7064389012396556
2024-04-08 19:49:11,303 - PROT.PROT.base.base_trainer - INFO - val_metric_ss3 : 0.8434525244350363
2024-04-08 19:49:11,304 - PROT.PROT.base.base_trainer - INFO - val_metric_dis_mcc: 0.5971222854188447
2024-04-08 19:49:11,305 - PROT.PROT.base.base_trainer - INFO - val_metric_dis_fnr: 0.008336403236184889
2024-04-08 19:49:11,306 - PROT.PROT.base.base_trainer - INFO - val_metric_rsa : 0.775814506840442
2024-04-08 19:49:11,307 - PROT.PROT.base.base_trainer - INFO - val_metric_asa : 0.790878083873059
2024-04-08 19:49:11,308 - PROT.PROT.base.base_trainer - INFO - val_metric_phi : 20.787969603309772
2024-04-08 19:49:11,310 - PROT.PROT.base.base_trainer - INFO - val_metric_psi : 30.351171936936044
2024-04-08 19:49:11,311 - PROT.PROT.base.base_trainer - INFO - val_metric_tasa: 1582.8378951294396
2024-04-08 19:49:11,312 - PROT.PROT.base.base_trainer - INFO - val_metric_thsa: 503.7690291175983
2024-04-08 19:49:11,313 - PROT.PROT.base.base_trainer - INFO - val_metric_lhp : 436.58796128839583
2024-04-08 19:49:11,314 - PROT.PROT.base.base_trainer - INFO - val_metric_hp_loc_mcc: 0.8068986378912556
2024-04-08 19:49:11,315 - PROT.PROT.base.base_trainer - INFO - val_metric_hp_loc_fnr: 0.11352653082501404
2024-04-08 19:49:11,317 - PROT.PROT.base.base_trainer - INFO - val_metric_lhp_loc_mcc: 0.32799423957864443
2024-04-08 19:49:11,318 - PROT.PROT.base.base_trainer - INFO - val_metric_lhp_loc_fnr: 0.757755306044188
2024-04-08 19:49:11,319 - PROT.PROT.base.base_trainer - INFO - val_metric_species: 0.4086188827933421
2024-04-08 19:49:11,320 - PROT.PROT.base.base_trainer - INFO - val_metric_expression: 0.5119047633239201
2024-04-08 19:49:38,150 - PROT.PROT.base.base_trainer - INFO - Saving checkpoint: saved/patchprot_wo_lora/0408-182023/checkpoints/checkpoint-epoch2.pth ...
2024-04-08 19:50:06,202 - PROT.PROT.base.base_trainer - INFO - Saving current best: saved/patchprot_wo_lora/0408-182023/checkpoints/model_best.pth
2024-04-08 19:50:11,859 - PROT.PROT.trainer.trainer - INFO - Train Epoch: 3 [0/10314 (0%)] Loss: 18.323360
2024-04-08 20:18:55,553 - PROT.PROT.base.base_trainer - INFO - epoch          : 3
2024-04-08 20:18:55,554 - PROT.PROT.base.base_trainer - INFO - loss           : 16.821892728533488
2024-04-08 20:18:55,562 - PROT.PROT.base.base_trainer - INFO - metric_ss8     : 0.7046481966972351
2024-04-08 20:18:55,570 - PROT.PROT.base.base_trainer - INFO - metric_ss3     : 0.8484355211257935
2024-04-08 20:18:55,577 - PROT.PROT.base.base_trainer - INFO - metric_dis_mcc : 0.6750277876853943
2024-04-08 20:18:55,584 - PROT.PROT.base.base_trainer - INFO - metric_dis_fnr : 0.00510783214122057
2024-04-08 20:18:55,589 - PROT.PROT.base.base_trainer - INFO - metric_rsa     : 0.7747764587402344
2024-04-08 20:18:55,597 - PROT.PROT.base.base_trainer - INFO - metric_asa     : 0.7876437902450562
2024-04-08 20:18:55,604 - PROT.PROT.base.base_trainer - INFO - metric_phi     : 21.562911987304688
2024-04-08 20:18:55,609 - PROT.PROT.base.base_trainer - INFO - metric_psi     : 31.194305419921875
2024-04-08 20:18:55,618 - PROT.PROT.base.base_trainer - INFO - metric_tasa    : 2201.537841796875
2024-04-08 20:18:55,623 - PROT.PROT.base.base_trainer - INFO - metric_thsa    : 617.5206909179688
2024-04-08 20:18:55,629 - PROT.PROT.base.base_trainer - INFO - metric_lhp     : 579.4817504882812
2024-04-08 20:18:55,633 - PROT.PROT.base.base_trainer - INFO - metric_hp_loc_mcc: 0.7427010536193848
2024-04-08 20:18:55,639 - PROT.PROT.base.base_trainer - INFO - metric_hp_loc_fnr: 0.17078916728496552
2024-04-08 20:18:55,645 - PROT.PROT.base.base_trainer - INFO - metric_lhp_loc_mcc: 0.48425793647766113
2024-04-08 20:18:55,651 - PROT.PROT.base.base_trainer - INFO - metric_lhp_loc_fnr: 0.6190476417541504
2024-04-08 20:18:55,654 - PROT.PROT.base.base_trainer - INFO - metric_species : 0.2857142984867096
2024-04-08 20:18:55,659 - PROT.PROT.base.base_trainer - INFO - metric_expression: 0.0
2024-04-08 20:18:55,664 - PROT.PROT.base.base_trainer - INFO - val_loss       : 16.223609259207752
2024-04-08 20:18:55,670 - PROT.PROT.base.base_trainer - INFO - val_metric_ss8 : 0.7185163361559934
2024-04-08 20:18:55,673 - PROT.PROT.base.base_trainer - INFO - val_metric_ss3 : 0.8496228795209934
2024-04-08 20:18:55,679 - PROT.PROT.base.base_trainer - INFO - val_metric_dis_mcc: 0.6111471990735109
2024-04-08 20:18:55,685 - PROT.PROT.base.base_trainer - INFO - val_metric_dis_fnr: 0.00956075772216949
2024-04-08 20:18:55,692 - PROT.PROT.base.base_trainer - INFO - val_metric_rsa : 0.7872449709480539
2024-04-08 20:18:55,696 - PROT.PROT.base.base_trainer - INFO - val_metric_asa : 0.8014116669932855
2024-04-08 20:18:55,700 - PROT.PROT.base.base_trainer - INFO - val_metric_phi : 19.819337141029948
2024-04-08 20:18:55,708 - PROT.PROT.base.base_trainer - INFO - val_metric_psi : 28.98321909042302
2024-04-08 20:18:55,712 - PROT.PROT.base.base_trainer - INFO - val_metric_tasa: 1392.9597010313364
2024-04-08 20:18:55,716 - PROT.PROT.base.base_trainer - INFO - val_metric_thsa: 474.81507890426803
2024-04-08 20:18:55,719 - PROT.PROT.base.base_trainer - INFO - val_metric_lhp : 444.5449653428419
2024-04-08 20:18:55,723 - PROT.PROT.base.base_trainer - INFO - val_metric_hp_loc_mcc: 0.834176584583367
2024-04-08 20:18:55,730 - PROT.PROT.base.base_trainer - INFO - val_metric_hp_loc_fnr: 0.0849599884444937
2024-04-08 20:18:55,736 - PROT.PROT.base.base_trainer - INFO - val_metric_lhp_loc_mcc: 0.2972699092268064
2024-04-08 20:18:55,739 - PROT.PROT.base.base_trainer - INFO - val_metric_lhp_loc_fnr: 0.8299929094930416
2024-04-08 20:18:55,743 - PROT.PROT.base.base_trainer - INFO - val_metric_species: 0.5054232865571976
2024-04-08 20:18:55,747 - PROT.PROT.base.base_trainer - INFO - val_metric_expression: 0.6203703714741601
2024-04-08 20:19:21,813 - PROT.PROT.base.base_trainer - INFO - Saving checkpoint: saved/patchprot_wo_lora/0408-182023/checkpoints/checkpoint-epoch3.pth ...
2024-04-08 20:19:49,718 - PROT.PROT.base.base_trainer - INFO - Saving current best: saved/patchprot_wo_lora/0408-182023/checkpoints/model_best.pth
2024-04-08 20:19:54,663 - PROT.PROT.trainer.trainer - INFO - Train Epoch: 4 [0/10314 (0%)] Loss: 16.200718
2024-04-08 20:48:29,515 - PROT.PROT.base.base_trainer - INFO - epoch          : 4
2024-04-08 20:48:29,516 - PROT.PROT.base.base_trainer - INFO - loss           : 16.196118002605974
2024-04-08 20:48:29,518 - PROT.PROT.base.base_trainer - INFO - metric_ss8     : 0.6899632215499878
2024-04-08 20:48:29,519 - PROT.PROT.base.base_trainer - INFO - metric_ss3     : 0.834121584892273
2024-04-08 20:48:29,521 - PROT.PROT.base.base_trainer - INFO - metric_dis_mcc : 0.6834641098976135
2024-04-08 20:48:29,522 - PROT.PROT.base.base_trainer - INFO - metric_dis_fnr : 0.003162202425301075
2024-04-08 20:48:29,523 - PROT.PROT.base.base_trainer - INFO - metric_rsa     : 0.7958947420120239
2024-04-08 20:48:29,524 - PROT.PROT.base.base_trainer - INFO - metric_asa     : 0.8084792494773865
2024-04-08 20:48:29,525 - PROT.PROT.base.base_trainer - INFO - metric_phi     : 22.24784278869629
2024-04-08 20:48:29,527 - PROT.PROT.base.base_trainer - INFO - metric_psi     : 32.31086349487305
2024-04-08 20:48:29,528 - PROT.PROT.base.base_trainer - INFO - metric_tasa    : 1633.6358642578125
2024-04-08 20:48:29,529 - PROT.PROT.base.base_trainer - INFO - metric_thsa    : 442.8194885253906
2024-04-08 20:48:29,530 - PROT.PROT.base.base_trainer - INFO - metric_lhp     : 376.19525146484375
2024-04-08 20:48:29,531 - PROT.PROT.base.base_trainer - INFO - metric_hp_loc_mcc: 0.7991822957992554
2024-04-08 20:48:29,532 - PROT.PROT.base.base_trainer - INFO - metric_hp_loc_fnr: 0.11815181374549866
2024-04-08 20:48:29,534 - PROT.PROT.base.base_trainer - INFO - metric_lhp_loc_mcc: 0.08909491449594498
2024-04-08 20:48:29,535 - PROT.PROT.base.base_trainer - INFO - metric_lhp_loc_fnr: 0.9494505524635315
2024-04-08 20:48:29,536 - PROT.PROT.base.base_trainer - INFO - metric_species : 0.800000011920929
2024-04-08 20:48:29,537 - PROT.PROT.base.base_trainer - INFO - metric_expression: 0.5
2024-04-08 20:48:29,538 - PROT.PROT.base.base_trainer - INFO - val_loss       : 16.742488364891813
2024-04-08 20:48:29,540 - PROT.PROT.base.base_trainer - INFO - val_metric_ss8 : 0.7234556945487582
2024-04-08 20:48:29,541 - PROT.PROT.base.base_trainer - INFO - val_metric_ss3 : 0.853896110480122
2024-04-08 20:48:29,542 - PROT.PROT.base.base_trainer - INFO - val_metric_dis_mcc: 0.6166280194622125
2024-04-08 20:48:29,543 - PROT.PROT.base.base_trainer - INFO - val_metric_dis_fnr: 0.010718074242319789
2024-04-08 20:48:29,545 - PROT.PROT.base.base_trainer - INFO - val_metric_rsa : 0.7922805336568628
2024-04-08 20:48:29,546 - PROT.PROT.base.base_trainer - INFO - val_metric_asa : 0.806035950395014
2024-04-08 20:48:29,547 - PROT.PROT.base.base_trainer - INFO - val_metric_phi : 19.354083501104938
2024-04-08 20:48:29,548 - PROT.PROT.base.base_trainer - INFO - val_metric_psi : 27.821355341105445
2024-04-08 20:48:29,550 - PROT.PROT.base.base_trainer - INFO - val_metric_tasa: 1413.6538475571524
2024-04-08 20:48:29,551 - PROT.PROT.base.base_trainer - INFO - val_metric_thsa: 451.92189476322864
2024-04-08 20:48:29,552 - PROT.PROT.base.base_trainer - INFO - val_metric_lhp : 407.4376110344355
2024-04-08 20:48:29,553 - PROT.PROT.base.base_trainer - INFO - val_metric_hp_loc_mcc: 0.8403523227825376
2024-04-08 20:48:29,554 - PROT.PROT.base.base_trainer - INFO - val_metric_hp_loc_fnr: 0.09422585350286036
2024-04-08 20:48:29,556 - PROT.PROT.base.base_trainer - INFO - val_metric_lhp_loc_mcc: 0.3339218203926878
2024-04-08 20:48:29,557 - PROT.PROT.base.base_trainer - INFO - val_metric_lhp_loc_fnr: 0.7753459019414614
2024-04-08 20:48:29,558 - PROT.PROT.base.base_trainer - INFO - val_metric_species: 0.4257142956058184
2024-04-08 20:48:29,559 - PROT.PROT.base.base_trainer - INFO - val_metric_expression: 0.598958333954215
2024-04-08 20:48:47,469 - PROT.PROT.base.base_trainer - INFO - Saving checkpoint: saved/patchprot_wo_lora/0408-182023/checkpoints/checkpoint-epoch4.pth ...
2024-04-08 20:48:52,158 - PROT.PROT.trainer.trainer - INFO - Train Epoch: 5 [0/10314 (0%)] Loss: 16.043467
2024-04-08 21:17:30,435 - PROT.PROT.base.base_trainer - INFO - epoch          : 5
2024-04-08 21:17:30,437 - PROT.PROT.base.base_trainer - INFO - loss           : 15.92186650854163
2024-04-08 21:17:30,438 - PROT.PROT.base.base_trainer - INFO - metric_ss8     : 0.7093876004219055
2024-04-08 21:17:30,439 - PROT.PROT.base.base_trainer - INFO - metric_ss3     : 0.8486639857292175
2024-04-08 21:17:30,441 - PROT.PROT.base.base_trainer - INFO - metric_dis_mcc : 0.5777966976165771
2024-04-08 21:17:30,442 - PROT.PROT.base.base_trainer - INFO - metric_dis_fnr : 0.012611275538802147
2024-04-08 21:17:30,443 - PROT.PROT.base.base_trainer - INFO - metric_rsa     : 0.7862619757652283
2024-04-08 21:17:30,445 - PROT.PROT.base.base_trainer - INFO - metric_asa     : 0.803642213344574
2024-04-08 21:17:30,446 - PROT.PROT.base.base_trainer - INFO - metric_phi     : 21.54059600830078
2024-04-08 21:17:30,447 - PROT.PROT.base.base_trainer - INFO - metric_psi     : 31.299739837646484
2024-04-08 21:17:30,448 - PROT.PROT.base.base_trainer - INFO - metric_tasa    : 1461.29736328125
2024-04-08 21:17:30,449 - PROT.PROT.base.base_trainer - INFO - metric_thsa    : 315.3818359375
2024-04-08 21:17:30,451 - PROT.PROT.base.base_trainer - INFO - metric_lhp     : 297.8301086425781
2024-04-08 21:17:30,452 - PROT.PROT.base.base_trainer - INFO - metric_hp_loc_mcc: 0.824864387512207
2024-04-08 21:17:30,453 - PROT.PROT.base.base_trainer - INFO - metric_hp_loc_fnr: 0.12576957046985626
2024-04-08 21:17:30,454 - PROT.PROT.base.base_trainer - INFO - metric_lhp_loc_mcc: 0.35464683175086975
2024-04-08 21:17:30,455 - PROT.PROT.base.base_trainer - INFO - metric_lhp_loc_fnr: 0.7634069323539734
2024-04-08 21:17:30,457 - PROT.PROT.base.base_trainer - INFO - metric_species : 0.4000000059604645
2024-04-08 21:17:30,458 - PROT.PROT.base.base_trainer - INFO - metric_expression: 0.0
2024-04-08 21:17:30,459 - PROT.PROT.base.base_trainer - INFO - val_loss       : 15.5586160469759
2024-04-08 21:17:30,460 - PROT.PROT.base.base_trainer - INFO - val_metric_ss8 : 0.725634104211392
2024-04-08 21:17:30,461 - PROT.PROT.base.base_trainer - INFO - val_metric_ss3 : 0.8554205038890628
2024-04-08 21:17:30,462 - PROT.PROT.base.base_trainer - INFO - val_metric_dis_mcc: 0.6274845862960463
2024-04-08 21:17:30,464 - PROT.PROT.base.base_trainer - INFO - val_metric_dis_fnr: 0.009276108958885568
2024-04-08 21:17:30,465 - PROT.PROT.base.base_trainer - INFO - val_metric_rsa : 0.7971554979187097
2024-04-08 21:17:30,466 - PROT.PROT.base.base_trainer - INFO - val_metric_asa : 0.81120200438693
2024-04-08 21:17:30,467 - PROT.PROT.base.base_trainer - INFO - val_metric_phi : 18.94159990922991
2024-04-08 21:17:30,468 - PROT.PROT.base.base_trainer - INFO - val_metric_psi : 27.228038414817895
2024-04-08 21:17:30,470 - PROT.PROT.base.base_trainer - INFO - val_metric_tasa: 1186.1467048673173
2024-04-08 21:17:30,471 - PROT.PROT.base.base_trainer - INFO - val_metric_thsa: 499.3218853376888
2024-04-08 21:17:30,472 - PROT.PROT.base.base_trainer - INFO - val_metric_lhp : 463.6651674953334
2024-04-08 21:17:30,473 - PROT.PROT.base.base_trainer - INFO - val_metric_hp_loc_mcc: 0.8471887718707433
2024-04-08 21:17:30,474 - PROT.PROT.base.base_trainer - INFO - val_metric_hp_loc_fnr: 0.06555751418330573
2024-04-08 21:17:30,476 - PROT.PROT.base.base_trainer - INFO - val_metric_lhp_loc_mcc: 0.38907644433069055
2024-04-08 21:17:30,477 - PROT.PROT.base.base_trainer - INFO - val_metric_lhp_loc_fnr: 0.6482959076267327
2024-04-08 21:17:30,478 - PROT.PROT.base.base_trainer - INFO - val_metric_species: 0.4938898833255486
2024-04-08 21:17:30,479 - PROT.PROT.base.base_trainer - INFO - val_metric_expression: 0.696319018404908
2024-04-08 21:17:50,605 - PROT.PROT.base.base_trainer - INFO - Saving checkpoint: saved/patchprot_wo_lora/0408-182023/checkpoints/checkpoint-epoch5.pth ...
2024-04-08 21:18:13,580 - PROT.PROT.base.base_trainer - INFO - Saving current best: saved/patchprot_wo_lora/0408-182023/checkpoints/model_best.pth
2024-04-08 21:18:17,602 - PROT.PROT.trainer.trainer - INFO - Train Epoch: 6 [0/10314 (0%)] Loss: 14.040150
2024-04-08 21:47:03,815 - PROT.PROT.base.base_trainer - INFO - epoch          : 6
2024-04-08 21:47:03,816 - PROT.PROT.base.base_trainer - INFO - loss           : 15.366658338268776
2024-04-08 21:47:03,818 - PROT.PROT.base.base_trainer - INFO - metric_ss8     : 0.694365918636322
2024-04-08 21:47:03,819 - PROT.PROT.base.base_trainer - INFO - metric_ss3     : 0.836197555065155
2024-04-08 21:47:03,821 - PROT.PROT.base.base_trainer - INFO - metric_dis_mcc : 0.6116836667060852
2024-04-08 21:47:03,822 - PROT.PROT.base.base_trainer - INFO - metric_dis_fnr : 0.012629161588847637
2024-04-08 21:47:03,823 - PROT.PROT.base.base_trainer - INFO - metric_rsa     : 0.7564141750335693
2024-04-08 21:47:03,824 - PROT.PROT.base.base_trainer - INFO - metric_asa     : 0.771559476852417
2024-04-08 21:47:03,826 - PROT.PROT.base.base_trainer - INFO - metric_phi     : 21.363330841064453
2024-04-08 21:47:03,827 - PROT.PROT.base.base_trainer - INFO - metric_psi     : 32.83831024169922
2024-04-08 21:47:03,828 - PROT.PROT.base.base_trainer - INFO - metric_tasa    : 1094.1060791015625
2024-04-08 21:47:03,829 - PROT.PROT.base.base_trainer - INFO - metric_thsa    : 359.8004150390625
2024-04-08 21:47:03,830 - PROT.PROT.base.base_trainer - INFO - metric_lhp     : 341.7838439941406
2024-04-08 21:47:03,831 - PROT.PROT.base.base_trainer - INFO - metric_hp_loc_mcc: 0.8370553255081177
2024-04-08 21:47:03,832 - PROT.PROT.base.base_trainer - INFO - metric_hp_loc_fnr: 0.08584687113761902
2024-04-08 21:47:03,833 - PROT.PROT.base.base_trainer - INFO - metric_lhp_loc_mcc: 0.2336617112159729
2024-04-08 21:47:03,835 - PROT.PROT.base.base_trainer - INFO - metric_lhp_loc_fnr: 0.7994186282157898
2024-04-08 21:47:03,836 - PROT.PROT.base.base_trainer - INFO - metric_species : 0.0
2024-04-08 21:47:03,837 - PROT.PROT.base.base_trainer - INFO - metric_expression: 0
2024-04-08 21:47:03,838 - PROT.PROT.base.base_trainer - INFO - val_loss       : 15.505480805006414
2024-04-08 21:47:03,839 - PROT.PROT.base.base_trainer - INFO - val_metric_ss8 : 0.7277987075907718
2024-04-08 21:47:03,840 - PROT.PROT.base.base_trainer - INFO - val_metric_ss3 : 0.8583305786016683
2024-04-08 21:47:03,841 - PROT.PROT.base.base_trainer - INFO - val_metric_dis_mcc: 0.6001656574516718
2024-04-08 21:47:03,842 - PROT.PROT.base.base_trainer - INFO - val_metric_dis_fnr: 0.006672123313032613
2024-04-08 21:47:03,843 - PROT.PROT.base.base_trainer - INFO - val_metric_rsa : 0.8016933193945797
2024-04-08 21:47:03,845 - PROT.PROT.base.base_trainer - INFO - val_metric_asa : 0.8149305801989848
2024-04-08 21:47:03,846 - PROT.PROT.base.base_trainer - INFO - val_metric_phi : 18.760901095682403
2024-04-08 21:47:03,847 - PROT.PROT.base.base_trainer - INFO - val_metric_psi : 26.471870168988556
2024-04-08 21:47:03,848 - PROT.PROT.base.base_trainer - INFO - val_metric_tasa: 1144.6707959614996
2024-04-08 21:47:03,849 - PROT.PROT.base.base_trainer - INFO - val_metric_thsa: 501.43862194328733
2024-04-08 21:47:03,850 - PROT.PROT.base.base_trainer - INFO - val_metric_lhp : 455.9597296345278
2024-04-08 21:47:03,851 - PROT.PROT.base.base_trainer - INFO - val_metric_hp_loc_mcc: 0.8492514317326
2024-04-08 21:47:03,853 - PROT.PROT.base.base_trainer - INFO - val_metric_hp_loc_fnr: 0.06511240370049248
2024-04-08 21:47:03,854 - PROT.PROT.base.base_trainer - INFO - val_metric_lhp_loc_mcc: 0.3787682500162688
2024-04-08 21:47:03,855 - PROT.PROT.base.base_trainer - INFO - val_metric_lhp_loc_fnr: 0.6841935721050769
2024-04-08 21:47:03,856 - PROT.PROT.base.base_trainer - INFO - val_metric_species: 0.5892857214731484
2024-04-08 21:47:03,857 - PROT.PROT.base.base_trainer - INFO - val_metric_expression: 0.6228070196352506
2024-04-08 21:47:26,577 - PROT.PROT.base.base_trainer - INFO - Saving checkpoint: saved/patchprot_wo_lora/0408-182023/checkpoints/checkpoint-epoch6.pth ...
2024-04-08 21:47:47,374 - PROT.PROT.base.base_trainer - INFO - Saving current best: saved/patchprot_wo_lora/0408-182023/checkpoints/model_best.pth
2024-04-08 21:47:52,336 - PROT.PROT.trainer.trainer - INFO - Train Epoch: 7 [0/10314 (0%)] Loss: 14.631530
2024-04-08 22:16:33,871 - PROT.PROT.base.base_trainer - INFO - epoch          : 7
2024-04-08 22:16:33,872 - PROT.PROT.base.base_trainer - INFO - loss           : 15.285733356953315
2024-04-08 22:16:33,873 - PROT.PROT.base.base_trainer - INFO - metric_ss8     : 0.6798804998397827
2024-04-08 22:16:33,875 - PROT.PROT.base.base_trainer - INFO - metric_ss3     : 0.8484063744544983
2024-04-08 22:16:33,876 - PROT.PROT.base.base_trainer - INFO - metric_dis_mcc : 0.6061500906944275
2024-04-08 22:16:33,877 - PROT.PROT.base.base_trainer - INFO - metric_dis_fnr : 0.00544959120452404
2024-04-08 22:16:33,878 - PROT.PROT.base.base_trainer - INFO - metric_rsa     : 0.7853121161460876
2024-04-08 22:16:33,880 - PROT.PROT.base.base_trainer - INFO - metric_asa     : 0.7903991341590881
2024-04-08 22:16:33,881 - PROT.PROT.base.base_trainer - INFO - metric_phi     : 22.406179428100586
2024-04-08 22:16:33,882 - PROT.PROT.base.base_trainer - INFO - metric_psi     : 30.43160057067871
2024-04-08 22:16:33,883 - PROT.PROT.base.base_trainer - INFO - metric_tasa    : 1168.71337890625
2024-04-08 22:16:33,884 - PROT.PROT.base.base_trainer - INFO - metric_thsa    : 432.09661865234375
2024-04-08 22:16:33,885 - PROT.PROT.base.base_trainer - INFO - metric_lhp     : 387.4987487792969
2024-04-08 22:16:33,886 - PROT.PROT.base.base_trainer - INFO - metric_hp_loc_mcc: 0.852973222732544
2024-04-08 22:16:33,887 - PROT.PROT.base.base_trainer - INFO - metric_hp_loc_fnr: 0.08047585934400558
2024-04-08 22:16:33,888 - PROT.PROT.base.base_trainer - INFO - metric_lhp_loc_mcc: 0.46230292320251465
2024-04-08 22:16:33,889 - PROT.PROT.base.base_trainer - INFO - metric_lhp_loc_fnr: 0.6566523313522339
2024-04-08 22:16:33,890 - PROT.PROT.base.base_trainer - INFO - metric_species : 0.20000000298023224
2024-04-08 22:16:33,891 - PROT.PROT.base.base_trainer - INFO - metric_expression: 0
2024-04-08 22:16:33,892 - PROT.PROT.base.base_trainer - INFO - val_loss       : 15.06451849567934
2024-04-08 22:16:33,893 - PROT.PROT.base.base_trainer - INFO - val_metric_ss8 : 0.7308828014729207
2024-04-08 22:16:33,894 - PROT.PROT.base.base_trainer - INFO - val_metric_ss3 : 0.8598497437375058
2024-04-08 22:16:33,895 - PROT.PROT.base.base_trainer - INFO - val_metric_dis_mcc: 0.6246381855098964
2024-04-08 22:16:33,896 - PROT.PROT.base.base_trainer - INFO - val_metric_dis_fnr: 0.01239808824607532
2024-04-08 22:16:33,897 - PROT.PROT.base.base_trainer - INFO - val_metric_rsa : 0.8026156053771832
2024-04-08 22:16:33,898 - PROT.PROT.base.base_trainer - INFO - val_metric_asa : 0.816043115629921
2024-04-08 22:16:33,900 - PROT.PROT.base.base_trainer - INFO - val_metric_phi : 18.243535055885456
2024-04-08 22:16:33,901 - PROT.PROT.base.base_trainer - INFO - val_metric_psi : 26.093085806308196
2024-04-08 22:16:33,902 - PROT.PROT.base.base_trainer - INFO - val_metric_tasa: 967.4494896920405
2024-04-08 22:16:33,903 - PROT.PROT.base.base_trainer - INFO - val_metric_thsa: 440.06324711760914
2024-04-08 22:16:33,904 - PROT.PROT.base.base_trainer - INFO - val_metric_lhp : 403.13914146282576
2024-04-08 22:16:33,905 - PROT.PROT.base.base_trainer - INFO - val_metric_hp_loc_mcc: 0.8505590962747807
2024-04-08 22:16:33,906 - PROT.PROT.base.base_trainer - INFO - val_metric_hp_loc_fnr: 0.06915973124138984
2024-04-08 22:16:33,907 - PROT.PROT.base.base_trainer - INFO - val_metric_lhp_loc_mcc: 0.4012284000641306
2024-04-08 22:16:33,908 - PROT.PROT.base.base_trainer - INFO - val_metric_lhp_loc_fnr: 0.6499097226290685
2024-04-08 22:16:33,909 - PROT.PROT.base.base_trainer - INFO - val_metric_species: 0.5480026563008626
2024-04-08 22:16:33,910 - PROT.PROT.base.base_trainer - INFO - val_metric_expression: 0.5000000017530778
2024-04-08 22:16:56,156 - PROT.PROT.base.base_trainer - INFO - Saving checkpoint: saved/patchprot_wo_lora/0408-182023/checkpoints/checkpoint-epoch7.pth ...
2024-04-08 22:17:19,343 - PROT.PROT.base.base_trainer - INFO - Saving current best: saved/patchprot_wo_lora/0408-182023/checkpoints/model_best.pth
2024-04-08 22:17:23,940 - PROT.PROT.trainer.trainer - INFO - Train Epoch: 8 [0/10314 (0%)] Loss: 14.958137
2024-04-08 22:46:08,366 - PROT.PROT.base.base_trainer - INFO - epoch          : 8
2024-04-08 22:46:08,367 - PROT.PROT.base.base_trainer - INFO - loss           : 14.962550802691663
2024-04-08 22:46:08,372 - PROT.PROT.base.base_trainer - INFO - metric_ss8     : 0.7476365566253662
2024-04-08 22:46:08,377 - PROT.PROT.base.base_trainer - INFO - metric_ss3     : 0.8689948320388794
2024-04-08 22:46:08,378 - PROT.PROT.base.base_trainer - INFO - metric_dis_mcc : 0.7160155773162842
2024-04-08 22:46:08,381 - PROT.PROT.base.base_trainer - INFO - metric_dis_fnr : 0.013848697766661644
2024-04-08 22:46:08,384 - PROT.PROT.base.base_trainer - INFO - metric_rsa     : 0.8000264763832092
2024-04-08 22:46:08,388 - PROT.PROT.base.base_trainer - INFO - metric_asa     : 0.807300865650177
2024-04-08 22:46:08,389 - PROT.PROT.base.base_trainer - INFO - metric_phi     : 18.114774703979492
2024-04-08 22:46:08,391 - PROT.PROT.base.base_trainer - INFO - metric_psi     : 24.473711013793945
2024-04-08 22:46:08,394 - PROT.PROT.base.base_trainer - INFO - metric_tasa    : 716.5416870117188
2024-04-08 22:46:08,397 - PROT.PROT.base.base_trainer - INFO - metric_thsa    : 439.40240478515625
2024-04-08 22:46:08,398 - PROT.PROT.base.base_trainer - INFO - metric_lhp     : 510.4005126953125
2024-04-08 22:46:08,400 - PROT.PROT.base.base_trainer - INFO - metric_hp_loc_mcc: 0.8453763127326965
2024-04-08 22:46:08,404 - PROT.PROT.base.base_trainer - INFO - metric_hp_loc_fnr: 0.07830950617790222
2024-04-08 22:46:08,407 - PROT.PROT.base.base_trainer - INFO - metric_lhp_loc_mcc: 0.45692530274391174
2024-04-08 22:46:08,408 - PROT.PROT.base.base_trainer - INFO - metric_lhp_loc_fnr: 0.6143695116043091
2024-04-08 22:46:08,409 - PROT.PROT.base.base_trainer - INFO - metric_species : 0.6666666865348816
2024-04-08 22:46:08,415 - PROT.PROT.base.base_trainer - INFO - metric_expression: 1.0
2024-04-08 22:46:08,420 - PROT.PROT.base.base_trainer - INFO - val_loss       : 15.524856975597649
2024-04-08 22:46:08,424 - PROT.PROT.base.base_trainer - INFO - val_metric_ss8 : 0.7324898970962891
2024-04-08 22:46:08,428 - PROT.PROT.base.base_trainer - INFO - val_metric_ss3 : 0.8613364535944048
2024-04-08 22:46:08,432 - PROT.PROT.base.base_trainer - INFO - val_metric_dis_mcc: 0.6026739430823449
2024-04-08 22:46:08,434 - PROT.PROT.base.base_trainer - INFO - val_metric_dis_fnr: 0.0070751394462325815
2024-04-08 22:46:08,436 - PROT.PROT.base.base_trainer - INFO - val_metric_rsa : 0.8040276519486825
2024-04-08 22:46:08,437 - PROT.PROT.base.base_trainer - INFO - val_metric_asa : 0.8171691920924451
2024-04-08 22:46:08,438 - PROT.PROT.base.base_trainer - INFO - val_metric_phi : 18.139854156663056
2024-04-08 22:46:08,440 - PROT.PROT.base.base_trainer - INFO - val_metric_psi : 25.701195382544036
2024-04-08 22:46:08,441 - PROT.PROT.base.base_trainer - INFO - val_metric_tasa: 948.8607193499913
2024-04-08 22:46:08,442 - PROT.PROT.base.base_trainer - INFO - val_metric_thsa: 427.6486870459525
2024-04-08 22:46:08,443 - PROT.PROT.base.base_trainer - INFO - val_metric_lhp : 411.5960911824694
2024-04-08 22:46:08,445 - PROT.PROT.base.base_trainer - INFO - val_metric_hp_loc_mcc: 0.8476184382209918
2024-04-08 22:46:08,446 - PROT.PROT.base.base_trainer - INFO - val_metric_hp_loc_fnr: 0.08865975448346226
2024-04-08 22:46:08,447 - PROT.PROT.base.base_trainer - INFO - val_metric_lhp_loc_mcc: 0.34301925007927464
2024-04-08 22:46:08,448 - PROT.PROT.base.base_trainer - INFO - val_metric_lhp_loc_fnr: 0.78377710145338
2024-04-08 22:46:08,449 - PROT.PROT.base.base_trainer - INFO - val_metric_species: 0.5039799779213663
2024-04-08 22:46:08,451 - PROT.PROT.base.base_trainer - INFO - val_metric_expression: 0.5333333343267441
2024-04-08 22:46:35,681 - PROT.PROT.base.base_trainer - INFO - Saving checkpoint: saved/patchprot_wo_lora/0408-182023/checkpoints/checkpoint-epoch8.pth ...
2024-04-08 22:46:40,245 - PROT.PROT.trainer.trainer - INFO - Train Epoch: 9 [0/10314 (0%)] Loss: 14.529489
2024-04-08 23:15:17,252 - PROT.PROT.base.base_trainer - INFO - epoch          : 9
2024-04-08 23:15:17,253 - PROT.PROT.base.base_trainer - INFO - loss           : 14.758371129582837
2024-04-08 23:15:17,256 - PROT.PROT.base.base_trainer - INFO - metric_ss8     : 0.7629225850105286
2024-04-08 23:15:17,257 - PROT.PROT.base.base_trainer - INFO - metric_ss3     : 0.8824427127838135
2024-04-08 23:15:17,259 - PROT.PROT.base.base_trainer - INFO - metric_dis_mcc : 0.7181859612464905
2024-04-08 23:15:17,260 - PROT.PROT.base.base_trainer - INFO - metric_dis_fnr : 0.013727810233831406
2024-04-08 23:15:17,261 - PROT.PROT.base.base_trainer - INFO - metric_rsa     : 0.8157358169555664
2024-04-08 23:15:17,262 - PROT.PROT.base.base_trainer - INFO - metric_asa     : 0.8192632794380188
2024-04-08 23:15:17,263 - PROT.PROT.base.base_trainer - INFO - metric_phi     : 17.747295379638672
2024-04-08 23:15:17,264 - PROT.PROT.base.base_trainer - INFO - metric_psi     : 23.96772575378418
2024-04-08 23:15:17,266 - PROT.PROT.base.base_trainer - INFO - metric_tasa    : 591.9671020507812
2024-04-08 23:15:17,267 - PROT.PROT.base.base_trainer - INFO - metric_thsa    : 223.61080932617188
2024-04-08 23:15:17,268 - PROT.PROT.base.base_trainer - INFO - metric_lhp     : 201.74807739257812
2024-04-08 23:15:17,269 - PROT.PROT.base.base_trainer - INFO - metric_hp_loc_mcc: 0.8471065759658813
2024-04-08 23:15:17,270 - PROT.PROT.base.base_trainer - INFO - metric_hp_loc_fnr: 0.11597729474306107
2024-04-08 23:15:17,271 - PROT.PROT.base.base_trainer - INFO - metric_lhp_loc_mcc: 0.13555902242660522
2024-04-08 23:15:17,273 - PROT.PROT.base.base_trainer - INFO - metric_lhp_loc_fnr: 0.9423558712005615
2024-04-08 23:15:17,274 - PROT.PROT.base.base_trainer - INFO - metric_species : 0.4285714626312256
2024-04-08 23:15:17,275 - PROT.PROT.base.base_trainer - INFO - metric_expression: 0.0
2024-04-08 23:15:17,276 - PROT.PROT.base.base_trainer - INFO - val_loss       : 15.021205064555376
2024-04-08 23:15:17,277 - PROT.PROT.base.base_trainer - INFO - val_metric_ss8 : 0.7338390957385411
2024-04-08 23:15:17,278 - PROT.PROT.base.base_trainer - INFO - val_metric_ss3 : 0.8626199441642339
2024-04-08 23:15:17,279 - PROT.PROT.base.base_trainer - INFO - val_metric_dis_mcc: 0.6249833354430885
2024-04-08 23:15:17,280 - PROT.PROT.base.base_trainer - INFO - val_metric_dis_fnr: 0.010329646807562601
2024-04-08 23:15:17,281 - PROT.PROT.base.base_trainer - INFO - val_metric_rsa : 0.8071348660546476
2024-04-08 23:15:17,283 - PROT.PROT.base.base_trainer - INFO - val_metric_asa : 0.820110187979202
2024-04-08 23:15:17,284 - PROT.PROT.base.base_trainer - INFO - val_metric_phi : 17.786509802420643
2024-04-08 23:15:17,285 - PROT.PROT.base.base_trainer - INFO - val_metric_psi : 25.398779731834946
2024-04-08 23:15:17,286 - PROT.PROT.base.base_trainer - INFO - val_metric_tasa: 923.2190211672624
2024-04-08 23:15:17,287 - PROT.PROT.base.base_trainer - INFO - val_metric_thsa: 415.5328974987748
2024-04-08 23:15:17,288 - PROT.PROT.base.base_trainer - INFO - val_metric_lhp : 400.63955283077
2024-04-08 23:15:17,289 - PROT.PROT.base.base_trainer - INFO - val_metric_hp_loc_mcc: 0.8495989342897141
2024-04-08 23:15:17,291 - PROT.PROT.base.base_trainer - INFO - val_metric_hp_loc_fnr: 0.08581379911006597
2024-04-08 23:15:17,292 - PROT.PROT.base.base_trainer - INFO - val_metric_lhp_loc_mcc: 0.3669163458791606
2024-04-08 23:15:17,293 - PROT.PROT.base.base_trainer - INFO - val_metric_lhp_loc_fnr: 0.7386848638418416
2024-04-08 23:15:17,294 - PROT.PROT.base.base_trainer - INFO - val_metric_species: 0.4858856194573575
2024-04-08 23:15:17,295 - PROT.PROT.base.base_trainer - INFO - val_metric_expression: 0.4814814825852712
2024-04-08 23:15:38,376 - PROT.PROT.base.base_trainer - INFO - Saving checkpoint: saved/patchprot_wo_lora/0408-182023/checkpoints/checkpoint-epoch9.pth ...
2024-04-08 23:15:59,275 - PROT.PROT.base.base_trainer - INFO - Saving current best: saved/patchprot_wo_lora/0408-182023/checkpoints/model_best.pth
2024-04-08 23:16:06,591 - PROT.PROT.trainer.trainer - INFO - Train Epoch: 10 [0/10314 (0%)] Loss: 14.279478
2024-04-08 23:44:33,687 - PROT.PROT.base.base_trainer - INFO - epoch          : 10
2024-04-08 23:44:33,688 - PROT.PROT.base.base_trainer - INFO - loss           : 14.70480458759091
2024-04-08 23:44:33,690 - PROT.PROT.base.base_trainer - INFO - metric_ss8     : 0.7181467413902283
2024-04-08 23:44:33,691 - PROT.PROT.base.base_trainer - INFO - metric_ss3     : 0.8496353626251221
2024-04-08 23:44:33,692 - PROT.PROT.base.base_trainer - INFO - metric_dis_mcc : 0.6718155145645142
2024-04-08 23:44:33,693 - PROT.PROT.base.base_trainer - INFO - metric_dis_fnr : 0.005078485701233149
2024-04-08 23:44:33,694 - PROT.PROT.base.base_trainer - INFO - metric_rsa     : 0.796342134475708
2024-04-08 23:44:33,695 - PROT.PROT.base.base_trainer - INFO - metric_asa     : 0.8151360750198364
2024-04-08 23:44:33,697 - PROT.PROT.base.base_trainer - INFO - metric_phi     : 18.943073272705078
2024-04-08 23:44:33,698 - PROT.PROT.base.base_trainer - INFO - metric_psi     : 28.341341018676758
2024-04-08 23:44:33,699 - PROT.PROT.base.base_trainer - INFO - metric_tasa    : 1069.8719482421875
2024-04-08 23:44:33,700 - PROT.PROT.base.base_trainer - INFO - metric_thsa    : 434.8907470703125
2024-04-08 23:44:33,701 - PROT.PROT.base.base_trainer - INFO - metric_lhp     : 208.51486206054688
2024-04-08 23:44:33,702 - PROT.PROT.base.base_trainer - INFO - metric_hp_loc_mcc: 0.8360646367073059
2024-04-08 23:44:33,704 - PROT.PROT.base.base_trainer - INFO - metric_hp_loc_fnr: 0.10620792955160141
2024-04-08 23:44:33,706 - PROT.PROT.base.base_trainer - INFO - metric_lhp_loc_mcc: 0.31531938910484314
2024-04-08 23:44:33,707 - PROT.PROT.base.base_trainer - INFO - metric_lhp_loc_fnr: 0.8145161271095276
2024-04-08 23:44:33,708 - PROT.PROT.base.base_trainer - INFO - metric_species : 0.5714285969734192
2024-04-08 23:44:33,709 - PROT.PROT.base.base_trainer - INFO - metric_expression: 1.0
2024-04-08 23:44:33,710 - PROT.PROT.base.base_trainer - INFO - val_loss       : 15.595883717836049
2024-04-08 23:44:33,711 - PROT.PROT.base.base_trainer - INFO - val_metric_ss8 : 0.7309030274623435
2024-04-08 23:44:33,712 - PROT.PROT.base.base_trainer - INFO - val_metric_ss3 : 0.859215978546776
2024-04-08 23:44:33,713 - PROT.PROT.base.base_trainer - INFO - val_metric_dis_mcc: 0.6104719347708835
2024-04-08 23:44:33,714 - PROT.PROT.base.base_trainer - INFO - val_metric_dis_fnr: 0.008802856194075347
2024-04-08 23:44:33,715 - PROT.PROT.base.base_trainer - INFO - val_metric_rsa : 0.803969391597593
2024-04-08 23:44:33,716 - PROT.PROT.base.base_trainer - INFO - val_metric_asa : 0.8172520636632433
2024-04-08 23:44:33,717 - PROT.PROT.base.base_trainer - INFO - val_metric_phi : 17.899511291532058
2024-04-08 23:44:33,719 - PROT.PROT.base.base_trainer - INFO - val_metric_psi : 25.51991021413205
2024-04-08 23:44:33,720 - PROT.PROT.base.base_trainer - INFO - val_metric_tasa: 877.2874713067199
2024-04-08 23:44:33,721 - PROT.PROT.base.base_trainer - INFO - val_metric_thsa: 416.2480587554594
2024-04-08 23:44:33,722 - PROT.PROT.base.base_trainer - INFO - val_metric_lhp : 403.69244784534635
2024-04-08 23:44:33,723 - PROT.PROT.base.base_trainer - INFO - val_metric_hp_loc_mcc: 0.8513449258909894
2024-04-08 23:44:33,724 - PROT.PROT.base.base_trainer - INFO - val_metric_hp_loc_fnr: 0.07623524897872742
2024-04-08 23:44:33,725 - PROT.PROT.base.base_trainer - INFO - val_metric_lhp_loc_mcc: 0.36706267098585765
2024-04-08 23:44:33,726 - PROT.PROT.base.base_trainer - INFO - val_metric_lhp_loc_fnr: 0.7449046278791674
2024-04-08 23:44:33,727 - PROT.PROT.base.base_trainer - INFO - val_metric_species: 0.47023530920273265
2024-04-08 23:44:33,728 - PROT.PROT.base.base_trainer - INFO - val_metric_expression: 0.5416666671633721
2024-04-08 23:44:51,028 - PROT.PROT.base.base_trainer - INFO - Saving checkpoint: saved/patchprot_wo_lora/0408-182023/checkpoints/checkpoint-epoch10.pth ...
2024-04-08 23:44:56,182 - PROT.PROT.trainer.trainer - INFO - Train Epoch: 11 [0/10314 (0%)] Loss: 14.591377
2024-04-09 00:13:47,131 - PROT.PROT.base.base_trainer - INFO - epoch          : 11
2024-04-09 00:13:47,132 - PROT.PROT.base.base_trainer - INFO - loss           : 14.388305122727864
2024-04-09 00:13:47,133 - PROT.PROT.base.base_trainer - INFO - metric_ss8     : 0.7395372986793518
2024-04-09 00:13:47,135 - PROT.PROT.base.base_trainer - INFO - metric_ss3     : 0.8728588819503784
2024-04-09 00:13:47,136 - PROT.PROT.base.base_trainer - INFO - metric_dis_mcc : 0.6406046748161316
2024-04-09 00:13:47,137 - PROT.PROT.base.base_trainer - INFO - metric_dis_fnr : 0.006246555130928755
2024-04-09 00:13:47,138 - PROT.PROT.base.base_trainer - INFO - metric_rsa     : 0.8220356702804565
2024-04-09 00:13:47,140 - PROT.PROT.base.base_trainer - INFO - metric_asa     : 0.8286318182945251
2024-04-09 00:13:47,141 - PROT.PROT.base.base_trainer - INFO - metric_phi     : 18.165142059326172
2024-04-09 00:13:47,142 - PROT.PROT.base.base_trainer - INFO - metric_psi     : 25.013994216918945
2024-04-09 00:13:47,143 - PROT.PROT.base.base_trainer - INFO - metric_tasa    : 632.40625
2024-04-09 00:13:47,144 - PROT.PROT.base.base_trainer - INFO - metric_thsa    : 431.1155090332031
2024-04-09 00:13:47,145 - PROT.PROT.base.base_trainer - INFO - metric_lhp     : 335.53521728515625
2024-04-09 00:13:47,146 - PROT.PROT.base.base_trainer - INFO - metric_hp_loc_mcc: 0.8346908688545227
2024-04-09 00:13:47,147 - PROT.PROT.base.base_trainer - INFO - metric_hp_loc_fnr: 0.08905380219221115
2024-04-09 00:13:47,148 - PROT.PROT.base.base_trainer - INFO - metric_lhp_loc_mcc: 0.1930481344461441
2024-04-09 00:13:47,149 - PROT.PROT.base.base_trainer - INFO - metric_lhp_loc_fnr: 0.883474588394165
2024-04-09 00:13:47,150 - PROT.PROT.base.base_trainer - INFO - metric_species : 0.5
2024-04-09 00:13:47,151 - PROT.PROT.base.base_trainer - INFO - metric_expression: 0.0
2024-04-09 00:13:47,152 - PROT.PROT.base.base_trainer - INFO - val_loss       : 14.960398561400241
2024-04-09 00:13:47,154 - PROT.PROT.base.base_trainer - INFO - val_metric_ss8 : 0.7358154430160663
2024-04-09 00:13:47,155 - PROT.PROT.base.base_trainer - INFO - val_metric_ss3 : 0.8638471349578942
2024-04-09 00:13:47,156 - PROT.PROT.base.base_trainer - INFO - val_metric_dis_mcc: 0.6287631357288008
2024-04-09 00:13:47,157 - PROT.PROT.base.base_trainer - INFO - val_metric_dis_fnr: 0.018055363734359287
2024-04-09 00:13:47,158 - PROT.PROT.base.base_trainer - INFO - val_metric_rsa : 0.8079371210393871
2024-04-09 00:13:47,159 - PROT.PROT.base.base_trainer - INFO - val_metric_asa : 0.8209410558327538
2024-04-09 00:13:47,160 - PROT.PROT.base.base_trainer - INFO - val_metric_phi : 17.567252081698598
2024-04-09 00:13:47,162 - PROT.PROT.base.base_trainer - INFO - val_metric_psi : 25.03015045222321
2024-04-09 00:13:47,163 - PROT.PROT.base.base_trainer - INFO - val_metric_tasa: 1049.8940125637828
2024-04-09 00:13:47,164 - PROT.PROT.base.base_trainer - INFO - val_metric_thsa: 425.56261520104215
2024-04-09 00:13:47,165 - PROT.PROT.base.base_trainer - INFO - val_metric_lhp : 389.96229570114303
2024-04-09 00:13:47,166 - PROT.PROT.base.base_trainer - INFO - val_metric_hp_loc_mcc: 0.8501944080050141
2024-04-09 00:13:47,167 - PROT.PROT.base.base_trainer - INFO - val_metric_hp_loc_fnr: 0.08238944502004399
2024-04-09 00:13:47,168 - PROT.PROT.base.base_trainer - INFO - val_metric_lhp_loc_mcc: 0.3913920150581761
2024-04-09 00:13:47,169 - PROT.PROT.base.base_trainer - INFO - val_metric_lhp_loc_fnr: 0.6894834190057213
2024-04-09 00:13:47,170 - PROT.PROT.base.base_trainer - INFO - val_metric_species: 0.5336063136657079
2024-04-09 00:13:47,172 - PROT.PROT.base.base_trainer - INFO - val_metric_expression: 0.5614035098176253
2024-04-09 00:14:04,085 - PROT.PROT.base.base_trainer - INFO - Saving checkpoint: saved/patchprot_wo_lora/0408-182023/checkpoints/checkpoint-epoch11.pth ...
2024-04-09 00:14:21,673 - PROT.PROT.base.base_trainer - INFO - Saving current best: saved/patchprot_wo_lora/0408-182023/checkpoints/model_best.pth
2024-04-09 00:14:25,210 - PROT.PROT.trainer.trainer - INFO - Train Epoch: 12 [0/10314 (0%)] Loss: 12.627724
2024-04-09 00:43:04,508 - PROT.PROT.base.base_trainer - INFO - epoch          : 12
2024-04-09 00:43:04,509 - PROT.PROT.base.base_trainer - INFO - loss           : 14.183533598931119
2024-04-09 00:43:04,511 - PROT.PROT.base.base_trainer - INFO - metric_ss8     : 0.7301384210586548
2024-04-09 00:43:04,512 - PROT.PROT.base.base_trainer - INFO - metric_ss3     : 0.8613532185554504
2024-04-09 00:43:04,513 - PROT.PROT.base.base_trainer - INFO - metric_dis_mcc : 0.6952548623085022
2024-04-09 00:43:04,515 - PROT.PROT.base.base_trainer - INFO - metric_dis_fnr : 0.012012813240289688
2024-04-09 00:43:04,516 - PROT.PROT.base.base_trainer - INFO - metric_rsa     : 0.817042887210846
2024-04-09 00:43:04,517 - PROT.PROT.base.base_trainer - INFO - metric_asa     : 0.8315190076828003
2024-04-09 00:43:04,519 - PROT.PROT.base.base_trainer - INFO - metric_phi     : 18.156848907470703
2024-04-09 00:43:04,520 - PROT.PROT.base.base_trainer - INFO - metric_psi     : 25.789920806884766
2024-04-09 00:43:04,521 - PROT.PROT.base.base_trainer - INFO - metric_tasa    : 681.2500610351562
2024-04-09 00:43:04,522 - PROT.PROT.base.base_trainer - INFO - metric_thsa    : 296.2481384277344
2024-04-09 00:43:04,523 - PROT.PROT.base.base_trainer - INFO - metric_lhp     : 286.5973815917969
2024-04-09 00:43:04,524 - PROT.PROT.base.base_trainer - INFO - metric_hp_loc_mcc: 0.8480278849601746
2024-04-09 00:43:04,525 - PROT.PROT.base.base_trainer - INFO - metric_hp_loc_fnr: 0.0804794505238533
2024-04-09 00:43:04,526 - PROT.PROT.base.base_trainer - INFO - metric_lhp_loc_mcc: 0.19764889776706696
2024-04-09 00:43:04,528 - PROT.PROT.base.base_trainer - INFO - metric_lhp_loc_fnr: 0.8503937125205994
2024-04-09 00:43:04,529 - PROT.PROT.base.base_trainer - INFO - metric_species : 0.75
2024-04-09 00:43:04,530 - PROT.PROT.base.base_trainer - INFO - metric_expression: 0
2024-04-09 00:43:04,531 - PROT.PROT.base.base_trainer - INFO - val_loss       : 15.159755773649884
2024-04-09 00:43:04,532 - PROT.PROT.base.base_trainer - INFO - val_metric_ss8 : 0.7373238353271766
2024-04-09 00:43:04,533 - PROT.PROT.base.base_trainer - INFO - val_metric_ss3 : 0.8646861321371859
2024-04-09 00:43:04,534 - PROT.PROT.base.base_trainer - INFO - val_metric_dis_mcc: 0.629847513903551
2024-04-09 00:43:04,535 - PROT.PROT.base.base_trainer - INFO - val_metric_dis_fnr: 0.014573638835179575
2024-04-09 00:43:04,536 - PROT.PROT.base.base_trainer - INFO - val_metric_rsa : 0.8088235096298021
2024-04-09 00:43:04,537 - PROT.PROT.base.base_trainer - INFO - val_metric_asa : 0.8219556916243915
2024-04-09 00:43:04,539 - PROT.PROT.base.base_trainer - INFO - val_metric_phi : 17.4713749128954
2024-04-09 00:43:04,540 - PROT.PROT.base.base_trainer - INFO - val_metric_psi : 24.853898734624096
2024-04-09 00:43:04,541 - PROT.PROT.base.base_trainer - INFO - val_metric_tasa: 871.3572653457247
2024-04-09 00:43:04,542 - PROT.PROT.base.base_trainer - INFO - val_metric_thsa: 415.792003223377
2024-04-09 00:43:04,543 - PROT.PROT.base.base_trainer - INFO - val_metric_lhp : 400.9927461068129
2024-04-09 00:43:04,544 - PROT.PROT.base.base_trainer - INFO - val_metric_hp_loc_mcc: 0.8538705825365778
2024-04-09 00:43:04,545 - PROT.PROT.base.base_trainer - INFO - val_metric_hp_loc_fnr: 0.06953714159746892
2024-04-09 00:43:04,546 - PROT.PROT.base.base_trainer - INFO - val_metric_lhp_loc_mcc: 0.3557343837629825
2024-04-09 00:43:04,548 - PROT.PROT.base.base_trainer - INFO - val_metric_lhp_loc_fnr: 0.7559628776958508
2024-04-09 00:43:04,549 - PROT.PROT.base.base_trainer - INFO - val_metric_species: 0.3843305323726577
2024-04-09 00:43:04,550 - PROT.PROT.base.base_trainer - INFO - val_metric_expression: 0.516233766814331
2024-04-09 00:43:27,564 - PROT.PROT.base.base_trainer - INFO - Saving checkpoint: saved/patchprot_wo_lora/0408-182023/checkpoints/checkpoint-epoch12.pth ...
2024-04-09 00:43:32,962 - PROT.PROT.trainer.trainer - INFO - Train Epoch: 13 [0/10314 (0%)] Loss: 12.207663
2024-04-09 01:12:04,024 - PROT.PROT.base.base_trainer - INFO - epoch          : 13
2024-04-09 01:12:04,025 - PROT.PROT.base.base_trainer - INFO - loss           : 14.165930732809963
2024-04-09 01:12:04,026 - PROT.PROT.base.base_trainer - INFO - metric_ss8     : 0.7342920303344727
2024-04-09 01:12:04,027 - PROT.PROT.base.base_trainer - INFO - metric_ss3     : 0.8630530834197998
2024-04-09 01:12:04,029 - PROT.PROT.base.base_trainer - INFO - metric_dis_mcc : 0.6920702457427979
2024-04-09 01:12:04,030 - PROT.PROT.base.base_trainer - INFO - metric_dis_fnr : 0.0068807341158390045
2024-04-09 01:12:04,031 - PROT.PROT.base.base_trainer - INFO - metric_rsa     : 0.8292391896247864
2024-04-09 01:12:04,033 - PROT.PROT.base.base_trainer - INFO - metric_asa     : 0.8433607220649719
2024-04-09 01:12:04,034 - PROT.PROT.base.base_trainer - INFO - metric_phi     : 17.76797103881836
2024-04-09 01:12:04,035 - PROT.PROT.base.base_trainer - INFO - metric_psi     : 23.63593101501465
2024-04-09 01:12:04,036 - PROT.PROT.base.base_trainer - INFO - metric_tasa    : 606.9634399414062
2024-04-09 01:12:04,037 - PROT.PROT.base.base_trainer - INFO - metric_thsa    : 149.55299377441406
2024-04-09 01:12:04,038 - PROT.PROT.base.base_trainer - INFO - metric_lhp     : 287.73028564453125
2024-04-09 01:12:04,039 - PROT.PROT.base.base_trainer - INFO - metric_hp_loc_mcc: 0.8389972448348999
2024-04-09 01:12:04,040 - PROT.PROT.base.base_trainer - INFO - metric_hp_loc_fnr: 0.08297258615493774
2024-04-09 01:12:04,041 - PROT.PROT.base.base_trainer - INFO - metric_lhp_loc_mcc: 0.530723512172699
2024-04-09 01:12:04,042 - PROT.PROT.base.base_trainer - INFO - metric_lhp_loc_fnr: 0.5823529362678528
2024-04-09 01:12:04,043 - PROT.PROT.base.base_trainer - INFO - metric_species : 0.5
2024-04-09 01:12:04,045 - PROT.PROT.base.base_trainer - INFO - metric_expression: 0
2024-04-09 01:12:04,046 - PROT.PROT.base.base_trainer - INFO - val_loss       : 15.319067314542087
2024-04-09 01:12:04,047 - PROT.PROT.base.base_trainer - INFO - val_metric_ss8 : 0.7376037017885609
2024-04-09 01:12:04,048 - PROT.PROT.base.base_trainer - INFO - val_metric_ss3 : 0.8640526282391425
2024-04-09 01:12:04,049 - PROT.PROT.base.base_trainer - INFO - val_metric_dis_mcc: 0.6190941844039297
2024-04-09 01:12:04,050 - PROT.PROT.base.base_trainer - INFO - val_metric_dis_fnr: 0.01049902081159648
2024-04-09 01:12:04,051 - PROT.PROT.base.base_trainer - INFO - val_metric_rsa : 0.8096696602462402
2024-04-09 01:12:04,052 - PROT.PROT.base.base_trainer - INFO - val_metric_asa : 0.8225636301885232
2024-04-09 01:12:04,053 - PROT.PROT.base.base_trainer - INFO - val_metric_phi : 17.419564634231623
2024-04-09 01:12:04,054 - PROT.PROT.base.base_trainer - INFO - val_metric_psi : 24.79640309661077
2024-04-09 01:12:04,055 - PROT.PROT.base.base_trainer - INFO - val_metric_tasa: 887.0713967186059
2024-04-09 01:12:04,056 - PROT.PROT.base.base_trainer - INFO - val_metric_thsa: 436.47145660513
2024-04-09 01:12:04,057 - PROT.PROT.base.base_trainer - INFO - val_metric_lhp : 412.7953644361883
2024-04-09 01:12:04,058 - PROT.PROT.base.base_trainer - INFO - val_metric_hp_loc_mcc: 0.8533580435158142
2024-04-09 01:12:04,059 - PROT.PROT.base.base_trainer - INFO - val_metric_hp_loc_fnr: 0.07332116553759223
2024-04-09 01:12:04,061 - PROT.PROT.base.base_trainer - INFO - val_metric_lhp_loc_mcc: 0.3682289656347894
2024-04-09 01:12:04,062 - PROT.PROT.base.base_trainer - INFO - val_metric_lhp_loc_fnr: 0.7190301303933907
2024-04-09 01:12:04,063 - PROT.PROT.base.base_trainer - INFO - val_metric_species: 0.5644438718187853
2024-04-09 01:12:04,064 - PROT.PROT.base.base_trainer - INFO - val_metric_expression: 0.6018518540594313
2024-04-09 01:12:21,699 - PROT.PROT.base.base_trainer - INFO - Saving checkpoint: saved/patchprot_wo_lora/0408-182023/checkpoints/checkpoint-epoch13.pth ...
2024-04-09 01:12:25,674 - PROT.PROT.trainer.trainer - INFO - Train Epoch: 14 [0/10314 (0%)] Loss: 14.356588
2024-04-09 01:41:16,540 - PROT.PROT.base.base_trainer - INFO - epoch          : 14
2024-04-09 01:41:16,541 - PROT.PROT.base.base_trainer - INFO - loss           : 13.997401101830258
2024-04-09 01:41:16,543 - PROT.PROT.base.base_trainer - INFO - metric_ss8     : 0.7405779957771301
2024-04-09 01:41:16,544 - PROT.PROT.base.base_trainer - INFO - metric_ss3     : 0.876300573348999
2024-04-09 01:41:16,546 - PROT.PROT.base.base_trainer - INFO - metric_dis_mcc : 0.6891655921936035
2024-04-09 01:41:16,547 - PROT.PROT.base.base_trainer - INFO - metric_dis_fnr : 0.01549999974668026
2024-04-09 01:41:16,548 - PROT.PROT.base.base_trainer - INFO - metric_rsa     : 0.8088669776916504
2024-04-09 01:41:16,549 - PROT.PROT.base.base_trainer - INFO - metric_asa     : 0.8168069124221802
2024-04-09 01:41:16,550 - PROT.PROT.base.base_trainer - INFO - metric_phi     : 16.509456634521484
2024-04-09 01:41:16,552 - PROT.PROT.base.base_trainer - INFO - metric_psi     : 24.5443172454834
2024-04-09 01:41:16,553 - PROT.PROT.base.base_trainer - INFO - metric_tasa    : 479.73199462890625
2024-04-09 01:41:16,554 - PROT.PROT.base.base_trainer - INFO - metric_thsa    : 388.51715087890625
2024-04-09 01:41:16,555 - PROT.PROT.base.base_trainer - INFO - metric_lhp     : 249.33935546875
2024-04-09 01:41:16,556 - PROT.PROT.base.base_trainer - INFO - metric_hp_loc_mcc: 0.8692311644554138
2024-04-09 01:41:16,557 - PROT.PROT.base.base_trainer - INFO - metric_hp_loc_fnr: 0.06372549384832382
2024-04-09 01:41:16,558 - PROT.PROT.base.base_trainer - INFO - metric_lhp_loc_mcc: 0.5798195004463196
2024-04-09 01:41:16,559 - PROT.PROT.base.base_trainer - INFO - metric_lhp_loc_fnr: 0.5128205418586731
2024-04-09 01:41:16,560 - PROT.PROT.base.base_trainer - INFO - metric_species : 0.5
2024-04-09 01:41:16,561 - PROT.PROT.base.base_trainer - INFO - metric_expression: 1.0
2024-04-09 01:41:16,563 - PROT.PROT.base.base_trainer - INFO - val_loss       : 14.810745661549023
2024-04-09 01:41:16,564 - PROT.PROT.base.base_trainer - INFO - val_metric_ss8 : 0.7408010750679073
2024-04-09 01:41:16,565 - PROT.PROT.base.base_trainer - INFO - val_metric_ss3 : 0.8659024187999458
2024-04-09 01:41:16,566 - PROT.PROT.base.base_trainer - INFO - val_metric_dis_mcc: 0.6155593054320979
2024-04-09 01:41:16,567 - PROT.PROT.base.base_trainer - INFO - val_metric_dis_fnr: 0.010538259012507777
2024-04-09 01:41:16,568 - PROT.PROT.base.base_trainer - INFO - val_metric_rsa : 0.8110042880821932
2024-04-09 01:41:16,569 - PROT.PROT.base.base_trainer - INFO - val_metric_asa : 0.823849450178252
2024-04-09 01:41:16,570 - PROT.PROT.base.base_trainer - INFO - val_metric_phi : 17.166922252556496
2024-04-09 01:41:16,571 - PROT.PROT.base.base_trainer - INFO - val_metric_psi : 24.36808462248517
2024-04-09 01:41:16,572 - PROT.PROT.base.base_trainer - INFO - val_metric_tasa: 831.9058261322359
2024-04-09 01:41:16,573 - PROT.PROT.base.base_trainer - INFO - val_metric_thsa: 413.9231444636834
2024-04-09 01:41:16,574 - PROT.PROT.base.base_trainer - INFO - val_metric_lhp : 406.99445627360325
2024-04-09 01:41:16,575 - PROT.PROT.base.base_trainer - INFO - val_metric_hp_loc_mcc: 0.8538888415727228
2024-04-09 01:41:16,576 - PROT.PROT.base.base_trainer - INFO - val_metric_hp_loc_fnr: 0.07336774582517543
2024-04-09 01:41:16,578 - PROT.PROT.base.base_trainer - INFO - val_metric_lhp_loc_mcc: 0.3758730122963881
2024-04-09 01:41:16,579 - PROT.PROT.base.base_trainer - INFO - val_metric_lhp_loc_fnr: 0.7239091457915922
2024-04-09 01:41:16,580 - PROT.PROT.base.base_trainer - INFO - val_metric_species: 0.5925408678741033
2024-04-09 01:41:16,581 - PROT.PROT.base.base_trainer - INFO - val_metric_expression: 0.6590909090909091
2024-04-09 01:41:33,737 - PROT.PROT.base.base_trainer - INFO - Saving checkpoint: saved/patchprot_wo_lora/0408-182023/checkpoints/checkpoint-epoch14.pth ...
2024-04-09 01:41:51,248 - PROT.PROT.base.base_trainer - INFO - Saving current best: saved/patchprot_wo_lora/0408-182023/checkpoints/model_best.pth
2024-04-09 01:41:51,250 - PROT.PROT.main - INFO - Initialising evaluation
2024-04-09 01:41:52,845 - PROT.PROT.base.base_eval - INFO - Starting evaluating...
2024-04-09 01:42:05,816 - PROT.PROT.base.base_eval - INFO - metric_ss8: 0.6665573375565665
2024-04-09 01:42:05,816 - PROT.PROT.base.base_eval - INFO - metric_ss3: 0.7987851585660662
2024-04-09 01:42:05,818 - PROT.PROT.base.base_eval - INFO - metric_dis_mcc: 0.5831766298839024
2024-04-09 01:42:05,819 - PROT.PROT.base.base_eval - INFO - metric_dis_fnr: 0.023646444880536625
2024-04-09 01:42:05,820 - PROT.PROT.base.base_eval - INFO - metric_rsa: 0.7296873160770961
2024-04-09 01:42:05,822 - PROT.PROT.base.base_eval - INFO - metric_asa: 0.7382241232054574
2024-04-09 01:42:05,823 - PROT.PROT.base.base_eval - INFO - metric_phi: 20.80128914969308
2024-04-09 01:42:05,824 - PROT.PROT.base.base_eval - INFO - metric_psi: 31.327509471348353
2024-04-09 01:42:05,826 - PROT.PROT.base.base_eval - INFO - metric_tasa: 1634.7108067103795
2024-04-09 01:42:05,827 - PROT.PROT.base.base_eval - INFO - metric_thsa: 1098.0472412109375
2024-04-09 01:42:05,828 - PROT.PROT.base.base_eval - INFO - metric_lhp: 641.9705418178013
2024-04-09 01:42:05,830 - PROT.PROT.base.base_eval - INFO - metric_hp_loc_mcc: 0.8477784395217896
2024-04-09 01:42:05,831 - PROT.PROT.base.base_eval - INFO - metric_hp_loc_fnr: 0.07317976866449628
2024-04-09 01:42:05,832 - PROT.PROT.base.base_eval - INFO - metric_lhp_loc_mcc: 0.5922133794852665
2024-04-09 01:42:05,833 - PROT.PROT.base.base_eval - INFO - metric_lhp_loc_fnr: 0.4423220838819231
2024-04-09 01:42:05,834 - PROT.PROT.base.base_eval - INFO - metric_species: 1.0
2024-04-09 01:42:05,835 - PROT.PROT.base.base_eval - INFO - metric_expression: 1.0
2024-04-09 01:42:07,442 - PROT.PROT.base.base_eval - INFO - Starting evaluating...
2024-04-09 01:43:30,175 - PROT.PROT.base.base_eval - INFO - metric_ss8: 0.7038539752625582
2024-04-09 01:43:30,179 - PROT.PROT.base.base_eval - INFO - metric_ss3: 0.8545865060990316
2024-04-09 01:43:30,180 - PROT.PROT.base.base_eval - INFO - metric_dis_mcc: 0.09812856715224269
2024-04-09 01:43:30,182 - PROT.PROT.base.base_eval - INFO - metric_dis_fnr: 0.008167791744007877
2024-04-09 01:43:30,183 - PROT.PROT.base.base_eval - INFO - metric_rsa: 0.8088128943192331
2024-04-09 01:43:30,184 - PROT.PROT.base.base_eval - INFO - metric_asa: 0.8213782697393183
2024-04-09 01:43:30,185 - PROT.PROT.base.base_eval - INFO - metric_phi: 19.926621855350962
2024-04-09 01:43:30,186 - PROT.PROT.base.base_eval - INFO - metric_psi: 27.865852690579597
2024-04-09 01:43:30,188 - PROT.PROT.base.base_eval - INFO - metric_tasa: 924.4391586571409
2024-04-09 01:43:30,189 - PROT.PROT.base.base_eval - INFO - metric_thsa: 442.1734239009389
2024-04-09 01:43:30,190 - PROT.PROT.base.base_eval - INFO - metric_lhp: 424.45359668397066
2024-04-09 01:43:30,191 - PROT.PROT.base.base_eval - INFO - metric_hp_loc_mcc: 0.852013813821893
2024-04-09 01:43:30,192 - PROT.PROT.base.base_eval - INFO - metric_hp_loc_fnr: 0.07518207987672404
2024-04-09 01:43:30,193 - PROT.PROT.base.base_eval - INFO - metric_lhp_loc_mcc: 0.3547640934325101
2024-04-09 01:43:30,195 - PROT.PROT.base.base_eval - INFO - metric_lhp_loc_fnr: 0.7313486337661743
2024-04-09 01:43:30,196 - PROT.PROT.base.base_eval - INFO - metric_species: 0.4441204102415788
2024-04-09 01:43:30,197 - PROT.PROT.base.base_eval - INFO - metric_expression: 0.35238095351627896
2024-04-09 01:43:31,493 - PROT.PROT.base.base_eval - INFO - Starting evaluating...
2024-04-09 01:43:57,210 - PROT.PROT.base.base_eval - INFO - metric_ss8: 0.7392670185669609
2024-04-09 01:43:57,211 - PROT.PROT.base.base_eval - INFO - metric_ss3: 0.8610473477322123
2024-04-09 01:43:57,213 - PROT.PROT.base.base_eval - INFO - metric_dis_mcc: 0.6502641351326652
2024-04-09 01:43:57,214 - PROT.PROT.base.base_eval - INFO - metric_dis_fnr: 0.014197291344728158
2024-04-09 01:43:57,215 - PROT.PROT.base.base_eval - INFO - metric_rsa: 0.7918692879054857
2024-04-09 01:43:57,217 - PROT.PROT.base.base_eval - INFO - metric_asa: 0.8085905132086381
2024-04-09 01:43:57,218 - PROT.PROT.base.base_eval - INFO - metric_phi: 17.03755595995032
2024-04-09 01:43:57,219 - PROT.PROT.base.base_eval - INFO - metric_psi: 24.83739844612453
2024-04-09 01:43:57,220 - PROT.PROT.base.base_eval - INFO - metric_tasa: 914.4195418648097
2024-04-09 01:43:57,221 - PROT.PROT.base.base_eval - INFO - metric_thsa: 476.90557728643
2024-04-09 01:43:57,222 - PROT.PROT.base.base_eval - INFO - metric_lhp: 485.30667963442596
2024-04-09 01:43:57,223 - PROT.PROT.base.base_eval - INFO - metric_hp_loc_mcc: 0.8545535616252733
2024-04-09 01:43:57,225 - PROT.PROT.base.base_eval - INFO - metric_hp_loc_fnr: 0.06636431609158931
2024-04-09 01:43:57,226 - PROT.PROT.base.base_eval - INFO - metric_lhp_loc_mcc: 0.39272938500279964
2024-04-09 01:43:57,227 - PROT.PROT.base.base_eval - INFO - metric_lhp_loc_fnr: 0.7033958875614664
2024-04-09 01:43:57,228 - PROT.PROT.base.base_eval - INFO - metric_species: 0.8173913059027299
2024-04-09 01:43:57,229 - PROT.PROT.base.base_eval - INFO - metric_expression: 0.7721518987341772
2024-04-09 01:43:57,231 - PROT.PROT.main - INFO - Finished!
done
